#
# A fatal error has been detected by the Java Runtime Environment:
#
#  EXCEPTION_ACCESS_VIOLATION (0xc0000005) at pc=0x00007ffad93bb804, pid=15936, tid=16112
#
# JRE version: Java(TM) SE Runtime Environment (25.0+37) (build 25+37-LTS-3491)
# Java VM: Java HotSpot(TM) 64-Bit Server VM (25+37-LTS-3491, mixed mode, sharing, tiered, compressed oops, compressed class ptrs, parallel gc, windows-amd64)
# Problematic frame:
# V  [jvm.dll+0x45b804]
#
# No core dump will be written. Minidumps are not enabled by default on client versions of Windows
#
# If you would like to submit a bug report, please visit:
#   https://bugreport.java.com/bugreport/crash.jsp
#

---------------  S U M M A R Y ------------

Command Line: -Djdk.xml.maxGeneralEntitySizeLimit=0 -Djdk.xml.totalEntitySizeLimit=0 --add-modules=ALL-SYSTEM --add-opens=java.base/java.util=ALL-UNNAMED --add-opens=java.base/java.lang=ALL-UNNAMED --add-opens=java.base/sun.nio.fs=ALL-UNNAMED -Declipse.application=org.eclipse.jdt.ls.core.id1 -Dosgi.bundles.defaultStartLevel=4 -Declipse.product=org.eclipse.jdt.ls.core.product -Djava.import.generatesMetadataFilesAtProjectRoot=false -DDetectVMInstallationsJob.disabled=true -Dfile.encoding=utf8 -XX:+UseParallelGC -XX:GCTimeRatio=4 -XX:AdaptiveSizePolicyWeight=90 -Dsun.zip.disableMemoryMapping=true -Xmx2G -Xms100m -Xlog:disable -javaagent:c:\Users\sujit\.vscode-insiders\extensions\redhat.java-1.47.2025101715-win32-x64\lombok\lombok-1.18.39-4050.jar -XX:+HeapDumpOnOutOfMemoryError -XX:HeapDumpPath=c:\Users\sujit\AppData\Roaming\Code - Insiders\User\workspaceStorage\24029b93e4c83ad963612c47dfed94d7\redhat.java -Daether.dependencyCollector.impl=bf -Djdt.core.sharedIndexLocation=C:\Users\sujit\AppData\Roaming\.jdt\index -XX:+UnlockDiagnosticVMOptions -XX:+AllowArchivingWithJavaAgent -XX:+AutoCreateSharedArchive -XX:SharedArchiveFile=c:\Users\sujit\AppData\Roaming\Code - Insiders\User\globalStorage\redhat.java\1.47.2025101715\jdtls.jsa c:\Users\sujit\.vscode-insiders\extensions\redhat.java-1.47.2025101715-win32-x64\server\plugins\org.eclipse.equinox.launcher_1.7.100.v20251014-1222.jar -configuration c:\Users\sujit\AppData\Roaming\Code - Insiders\User\globalStorage\redhat.java\1.47.2025101715\config_win -data c:\Users\sujit\AppData\Roaming\Code - Insiders\User\workspaceStorage\24029b93e4c83ad963612c47dfed94d7\redhat.java\jdt_ws --pipe=\\.\pipe\lsp-3f7bb4e849395ff0c5fd2e98061d8f7f-sock

Host: AMD Ryzen 5 5625U with Radeon Graphics         , 12 cores, 15G,  Windows 11 , 64 bit Build 26100 (10.0.26100.6725)
Time: Sun Oct 19 00:35:04 2025 India Standard Time elapsed time: 2279.846063 seconds (0d 0h 37m 59s)

---------------  T H R E A D  ---------------

Current thread (0x0000021758275390):  VMThread "VM Thread"          [id=16112, stack(0x000000fe24d00000,0x000000fe24e00000) (1024K)]

Stack: [0x000000fe24d00000,0x000000fe24e00000],  sp=0x000000fe24dff530,  free space=1021k
Native frames: (J=compiled Java code, j=interpreted, Vv=VM code, C=native code)
V  [jvm.dll+0x45b804]  (no source info available)
V  [jvm.dll+0x45b84f]  (no source info available)
V  [jvm.dll+0x4612b6]  (no source info available)
V  [jvm.dll+0x38668a]  (no source info available)
V  [jvm.dll+0x3855c6]  (no source info available)
V  [jvm.dll+0x385a03]  (no source info available)
V  [jvm.dll+0x96ee71]  (no source info available)
V  [jvm.dll+0x97018d]  (no source info available)
V  [jvm.dll+0x970709]  (no source info available)
V  [jvm.dll+0x9709b3]  (no source info available)
V  [jvm.dll+0x90681d]  (no source info available)
V  [jvm.dll+0x7a5015]  (no source info available)
C  [ucrtbase.dll+0x37b0]  (no source info available)
C  [KERNEL32.DLL+0x2e8d7]  (no source info available)
C  [ntdll.dll+0x8c53c]  (no source info available)


siginfo: EXCEPTION_ACCESS_VIOLATION (0xc0000005), reading address 0x00000000000000e0


Registers:
RAX=0x0000000006183901, RBX=0x0000000000000000, RCX=0x0000000000000000, RDX=0x0000000000000000
RSP=0x000000fe24dff530, RBP=0x000000fe24dff610, RSI=0x0000000000000001, RDI=0x000002177b9232a8
R8 =0x000002173c107980, R9 =0x000000000000029b, R10=0x000002173c100000, R11=0x000000fe24dff580
R12=0x00007ffad9a2dbc0, R13=0x00007ffad9a3aca8, R14=0x000002177915b140, R15=0x00007ffad9a2dae8
RIP=0x00007ffad93bb804, EFLAGS=0x0000000000010287

XMM[0]=0x0000000000000000 0x0000000000000000
XMM[1]=0x0000021777fa5748 0x0000021777fa57f8
XMM[2]=0x0000021777fa5c18 0x0000021777fa5a08
XMM[3]=0x0000021777fa5bc0 0x0000021777fa58a8
XMM[4]=0x0000021777fa5850 0x0000021777fa3cf8
XMM[5]=0x0000021777fa5698 0x0000021777fa56f0
XMM[6]=0x0000000000000000 0x0000000000000000
XMM[7]=0x0000000000000000 0x0000000000000000
XMM[8]=0x0000000000000000 0x404e000000000000
XMM[9]=0x0000000000000000 0x0000000000000000
XMM[10]=0x0000000000000000 0x0000000000000000
XMM[11]=0x0000000000000000 0x0000000000000000
XMM[12]=0x0000000000000000 0x0000000000000000
XMM[13]=0x0000000000000000 0x0000000000000000
XMM[14]=0x0000000000000000 0x0000000000000000
XMM[15]=0x0000000000000000 0x0000000000000000
  MXCSR=0x00001fa0


Register to memory mapping:

RAX=0x0000000006183901 is pointing into metadata
RBX=0x0 is null
RCX=0x0 is null
RDX=0x0 is null
RSP=0x000000fe24dff530 points into unknown readable memory: 0x000002173c190000 | 00 00 19 3c 17 02 00 00
RBP=0x000000fe24dff610 points into unknown readable memory: 0x00007ffad9a3acb8 | b8 ac a3 d9 fa 7f 00 00
RSI=0x0000000000000001 is an unknown value
RDI=0x000002177b9232a8 points into unknown readable memory: 0x0000000000000000 | 00 00 00 00 00 00 00 00
R8 =0x000002173c107980 points into unknown readable memory: 0x000002173c100e40 | 40 0e 10 3c 17 02 00 00
R9 =0x000000000000029b is an unknown value
R10=0x000002173c100000 points into unknown readable memory: 0x0000000000000000 | 00 00 00 00 00 00 00 00
R11=0x000000fe24dff580 points into unknown readable memory: 0x000002177915b2d0 | d0 b2 15 79 17 02 00 00
R12=0x00007ffad9a2dbc0 jvm.dll
R13=0x00007ffad9a3aca8 jvm.dll
R14=0x000002177915b140 points into unknown readable memory: 0x0000000006010080 | 80 00 01 06 00 00 00 00
R15=0x00007ffad9a2dae8 jvm.dll

Top of Stack: (sp=0x000000fe24dff530)
0x000000fe24dff530:   000002173c190000 00007ffa00000000   ...<............
0x000000fe24dff540:   00000217b83fde20 00007ffad95c6bd6    .?......k\.....
0x000000fe24dff550:   000002177b9232a8 00007ffad93bb84f   .2.{....O.;.....
0x000000fe24dff560:   0000000000000000 0000000000000001   ................
0x000000fe24dff570:   000002177915b140 00000217582758f8   @..y.....X'X....
0x000000fe24dff580:   000002177915b2d0 00007ffad93c12b6   ...y......<.....
0x000000fe24dff590:   0000000000000000 00007ffad9a53f40   ........@?......
0x000000fe24dff5a0:   000002177915b140 000000fe24dff610   @..y.......$....
0x000000fe24dff5b0:   0000000000012aa0 0000000000000000   .*..............
0x000000fe24dff5c0:   0000000000002554 000000fe24afef50   T%......P..$....
0x000000fe24dff5d0:   000002177915b140 00007ffad92e668a   @..y.....f......
0x000000fe24dff5e0:   0000000000000048 00000217582758f8   H........X'X....
0x000000fe24dff5f0:   0000000000000000 00000000004ac39b   ..........J.....
0x000000fe24dff600:   000002177915ae20 00000005000001d8    ..y............
0x000000fe24dff610:   00007ffad9a3acb8 0000000000000000   ................
0x000000fe24dff620:   0000000000000000 0000000000000000   ................
0x000000fe24dff630:   00000000000003d8 0000000000000000   ................
0x000000fe24dff640:   000000000782e8f0 000000fe24afef50   ........P..$....
0x000000fe24dff650:   0000000000015150 00007ffad99f7350   PQ......Ps......
0x000000fe24dff660:   0000000000002a2a 00007ffad92e55c6   **.......U......
0x000000fe24dff670:   00007ffa00002554 0000000000012aa0   T%.......*......
0x000000fe24dff680:   00000217582758f8 00007ffad9cd8ca8   .X'X............
0x000000fe24dff690:   0000000000000000 0000000000000000   ................
0x000000fe24dff6a0:   00000000000000ed 0000000000000000   ................
0x000000fe24dff6b0:   0000000000000000 00007ffad98dd473   ........s.......
0x000000fe24dff6c0:   00007ffad9c53890 000000fe282f0100   .8......../(....
0x000000fe24dff6d0:   00001cd27665a26f 00007ffb62571a04   o.ev......Wb....
0x000000fe24dff6e0:   0000000000000000 00007ffad9700f9f   ..........p.....
0x000000fe24dff6f0:   000000000000002f 00007ffad98dd343   /.......C.......
0x000000fe24dff700:   00000000000003e8 00007ffad9869a20   ........ .......
0x000000fe24dff710:   0000021758270790 0000021758270b80   ..'X......'X....
0x000000fe24dff720:   00007ffad9d01b30 00007ffad99f7350   0.......Ps......

Instructions: (pc=0x00007ffad93bb804)
  0x00007ffad93bb704:   7e 20 74 0c 4d 89 66 18 4d 89 7e 20 4d 89 6e 28
  0x00007ffad93bb714:   4c 8b b4 24 08 01 00 00 4c 8b ac 24 10 01 00 00
  0x00007ffad93bb724:   4c 8b a4 24 18 01 00 00 4c 8b bc 24 00 01 00 00
  0x00007ffad93bb734:   48 83 7c 24 40 00 74 55 48 8b 9f b0 06 00 00 48
  0x00007ffad93bb744:   8d 44 24 58 33 c9 48 89 45 a8 48 8d 45 99 48 89
  0x00007ffad93bb754:   4d c8 89 4d b8 4c 8d 44 24 50 88 4d c0 48 8d 54
  0x00007ffad93bb764:   24 40 4c 8b cf 48 89 45 b0 48 8d 4c 24 30 48 89
  0x00007ffad93bb774:   b7 b0 06 00 00 c7 45 bc 08 00 00 00 c6 44 24 30
  0x00007ffad93bb784:   0e e8 66 f8 01 00 48 89 9f b0 06 00 00 48 8d 4c
  0x00007ffad93bb794:   24 40 e8 05 eb fd ff 48 8b 9c 24 50 01 00 00 48
  0x00007ffad93bb7a4:   8b 4d f0 48 33 cc e8 61 c3 58 00 48 81 c4 20 01
  0x00007ffad93bb7b4:   00 00 5f 5e 5d c3 cc cc cc cc cc cc 0f b7 41 0e
  0x00007ffad93bb7c4:   66 c1 e8 09 a8 01 74 03 32 c0 c3 e9 6c 9b 20 00
  0x00007ffad93bb7d4:   cc cc cc cc cc cc cc cc cc cc cc cc 48 89 5c 24
  0x00007ffad93bb7e4:   08 48 89 74 24 10 57 48 83 ec 20 48 3b 0d 8a ed
  0x00007ffad93bb7f4:   8d 00 48 8b d9 73 09 48 3b 0d 76 ed 8d 00 73 5b
=>0x00007ffad93bb804:   48 8b 81 e0 00 00 00 66 83 78 30 32 72 5f 48 8b
  0x00007ffad93bb814:   01 ff 50 78 48 85 c0 74 15 48 8b 03 48 8b cb ff
  0x00007ffad93bb824:   50 78 48 8b c8 e8 b2 ff ff ff 84 c0 74 3f 48 8b
  0x00007ffad93bb834:   bb a0 01 00 00 48 63 37 48 85 f6 7e 1e 33 db 48
  0x00007ffad93bb844:   83 c7 08 48 8b 0f e8 91 ff ff ff 84 c0 74 1e 48
  0x00007ffad93bb854:   ff c3 48 83 c7 08 48 3b de 7c e8 b0 01 48 8b 5c
  0x00007ffad93bb864:   24 30 48 8b 74 24 38 48 83 c4 20 5f c3 48 8b 5c
  0x00007ffad93bb874:   24 30 32 c0 48 8b 74 24 38 48 83 c4 20 5f c3 cc
  0x00007ffad93bb884:   cc cc cc cc cc cc cc cc cc cc cc cc 4c 89 44 24
  0x00007ffad93bb894:   18 53 56 57 48 83 ec 70 48 3b 15 2d 53 8e 00 49
  0x00007ffad93bb8a4:   8b f0 48 8b fa 48 8b d9 0f 84 88 02 00 00 48 8b
  0x00007ffad93bb8b4:   4a 08 48 85 c9 0f 84 7b 02 00 00 ff 15 5b e7 87
  0x00007ffad93bb8c4:   00 48 85 c0 0f 84 6c 02 00 00 48 8b cf e8 8a b9
  0x00007ffad93bb8d4:   e3 ff 84 c0 0f 85 5c 02 00 00 48 85 db 0f 84 53
  0x00007ffad93bb8e4:   02 00 00 66 83 7b 04 05 0f 82 48 02 00 00 48 8b
  0x00007ffad93bb8f4:   b6 a8 03 00 00 48 8b cb 0f b6 43 0a 0a 43 09 0a


Stack slot to memory mapping:

stack at sp + 0 slots: 0x000002173c190000 points into unknown readable memory: 0x0000000000000000 | 00 00 00 00 00 00 00 00
stack at sp + 1 slots: 0x00007ffa00000000 is an unknown value
stack at sp + 2 slots: 0x00000217b83fde20 points into unknown readable memory: 0xaa86ad6653445352 | 52 53 44 53 66 ad 86 aa
stack at sp + 3 slots: 0x00007ffad95c6bd6 jvm.dll
stack at sp + 4 slots: 0x000002177b9232a8 points into unknown readable memory: 0x0000000000000000 | 00 00 00 00 00 00 00 00
stack at sp + 5 slots: 0x00007ffad93bb84f jvm.dll
stack at sp + 6 slots: 0x0 is null
stack at sp + 7 slots: 0x0000000000000001 is an unknown value

VM_Operation (0x000000fe24afef40): PopulateDumpSharedSpace, mode: safepoint, requested by thread 0x000002173e66ad60


---------------  P R O C E S S  ---------------

Threads class SMR info:
_java_thread_list=0x000002176427afc0, length=47, elements={
0x000002173e66ad60, 0x00000217582821e0, 0x0000021758282d40, 0x0000021758286700,
0x0000021758287010, 0x000002175828af50, 0x000002175828b710, 0x000002175828c3e0,
0x0000021758298bf0, 0x000002175e5de250, 0x000002175e8ed0d0, 0x000002175e797a20,
0x00000217615eabe0, 0x00000217615ea410, 0x00000217615e9c40, 0x00000217615e84d0,
0x00000217615eb3b0, 0x00000217615e7d00, 0x00000217615e8ca0, 0x0000021761fff470,
0x0000021762001b80, 0x00000217620013b0, 0x0000021761ffeca0, 0x0000021762002350,
0x00000217620032f0, 0x000002175fe34860, 0x000002175fe36f70, 0x000002175fe37740,
0x000002176088e2f0, 0x0000021762893da0, 0x00000217628935d0, 0x0000021762899b60,
0x000002176e69ed60, 0x000002176e6a3b80, 0x000002176e6a4b20, 0x000002176e6a4350,
0x000002176e6a6290, 0x000002176e6a9170, 0x000002176e6a6a60, 0x000002176e6ab0b0,
0x000002176e6ae760, 0x000002176e6ab880, 0x0000021760884e80, 0x00000217608865f0,
0x0000021760886dc0, 0x00000217626db130, 0x00000217626d9900
}

Java Threads: ( => current thread )
  0x000002173e66ad60 JavaThread "main"                              [_thread_blocked, id=16028, stack(0x000000fe24a00000,0x000000fe24b00000) (1024K)]
  0x00000217582821e0 JavaThread "Reference Handler"          daemon [_thread_blocked, id=16116, stack(0x000000fe24e00000,0x000000fe24f00000) (1024K)]
  0x0000021758282d40 JavaThread "Finalizer"                  daemon [_thread_blocked, id=16120, stack(0x000000fe24f00000,0x000000fe25000000) (1024K)]
  0x0000021758286700 JavaThread "Signal Dispatcher"          daemon [_thread_blocked, id=16124, stack(0x000000fe25000000,0x000000fe25100000) (1024K)]
  0x0000021758287010 JavaThread "Attach Listener"            daemon [_thread_blocked, id=16128, stack(0x000000fe25100000,0x000000fe25200000) (1024K)]
  0x000002175828af50 JavaThread "Service Thread"             daemon [_thread_blocked, id=16132, stack(0x000000fe25200000,0x000000fe25300000) (1024K)]
  0x000002175828b710 JavaThread "Monitor Deflation Thread"   daemon [_thread_blocked, id=16136, stack(0x000000fe25300000,0x000000fe25400000) (1024K)]
  0x000002175828c3e0 JavaThread "C2 CompilerThread0"         daemon [_thread_blocked, id=16140, stack(0x000000fe25400000,0x000000fe25500000) (1024K)]
  0x0000021758298bf0 JavaThread "C1 CompilerThread0"         daemon [_thread_blocked, id=16144, stack(0x000000fe25500000,0x000000fe25600000) (1024K)]
  0x000002175e5de250 JavaThread "Common-Cleaner"             daemon [_thread_blocked, id=16156, stack(0x000000fe25600000,0x000000fe25700000) (1024K)]
  0x000002175e8ed0d0 JavaThread "Notification Thread"        daemon [_thread_blocked, id=16324, stack(0x000000fe25700000,0x000000fe25800000) (1024K)]
  0x000002175e797a20 JavaThread "JNA Cleaner"                daemon [_thread_blocked, id=15484, stack(0x000000fe26800000,0x000000fe26900000) (1024K)]
  0x00000217615eabe0 JavaThread "InnocuousThread-1"          daemon [_thread_in_native, id=16248, stack(0x000000fe27300000,0x000000fe27400000) (1024K)]
  0x00000217615ea410 JavaThread "InnocuousThread-2"          daemon [_thread_in_native, id=15756, stack(0x000000fe27400000,0x000000fe27500000) (1024K)]
  0x00000217615e9c40 JavaThread "InnocuousThread-3"          daemon [_thread_in_native, id=15760, stack(0x000000fe27500000,0x000000fe27600000) (1024K)]
  0x00000217615e84d0 JavaThread "InnocuousThread-4"          daemon [_thread_in_native, id=15836, stack(0x000000fe27600000,0x000000fe27700000) (1024K)]
  0x00000217615eb3b0 JavaThread "InnocuousThread-5"          daemon [_thread_in_native, id=11592, stack(0x000000fe27700000,0x000000fe27800000) (1024K)]
  0x00000217615e7d00 JavaThread "InnocuousThread-6"          daemon [_thread_in_native, id=16208, stack(0x000000fe27800000,0x000000fe27900000) (1024K)]
  0x00000217615e8ca0 JavaThread "InnocuousThread-7"          daemon [_thread_in_native, id=15640, stack(0x000000fe27900000,0x000000fe27a00000) (1024K)]
  0x0000021761fff470 JavaThread "InnocuousThread-8"          daemon [_thread_in_native, id=15976, stack(0x000000fe27a00000,0x000000fe27b00000) (1024K)]
  0x0000021762001b80 JavaThread "InnocuousThread-9"          daemon [_thread_in_native, id=15840, stack(0x000000fe27b00000,0x000000fe27c00000) (1024K)]
  0x00000217620013b0 JavaThread "InnocuousThread-10"         daemon [_thread_in_native, id=15864, stack(0x000000fe27c00000,0x000000fe27d00000) (1024K)]
  0x0000021761ffeca0 JavaThread "InnocuousThread-11"         daemon [_thread_in_native, id=16256, stack(0x000000fe27d00000,0x000000fe27e00000) (1024K)]
  0x0000021762002350 JavaThread "InnocuousThread-12"         daemon [_thread_in_native, id=15852, stack(0x000000fe27e00000,0x000000fe27f00000) (1024K)]
  0x00000217620032f0 JavaThread "InnocuousThread-13"         daemon [_thread_in_native, id=15460, stack(0x000000fe27f00000,0x000000fe28000000) (1024K)]
  0x000002175fe34860 JavaThread "pool-2-thread-1"                   [_thread_blocked, id=8316, stack(0x000000fe28000000,0x000000fe28100000) (1024K)]
  0x000002175fe36f70 JavaThread "WorkspaceEventsHandler"            [_thread_blocked, id=15748, stack(0x000000fe28100000,0x000000fe28200000) (1024K)]
  0x000002175fe37740 JavaThread "pool-1-thread-1"                   [_thread_blocked, id=15896, stack(0x000000fe28200000,0x000000fe28300000) (1024K)]
  0x000002176088e2f0 JavaThread "Cleaner-0"                  daemon [_thread_blocked, id=16284, stack(0x000000fe2a300000,0x000000fe2a400000) (1024K)]
  0x0000021762893da0 JavaThread "Java Debug Server"          daemon [_thread_in_native, id=5960, stack(0x000000fe26200000,0x000000fe26300000) (1024K)]
  0x00000217628935d0 JavaThread "RxSchedulerPurge-1"         daemon [_thread_blocked, id=11788, stack(0x000000fe26a00000,0x000000fe26b00000) (1024K)]
  0x0000021762899b60 JavaThread "RxCachedWorkerPoolEvictor-1" daemon [_thread_blocked, id=13556, stack(0x000000fe26e00000,0x000000fe26f00000) (1024K)]
  0x000002176e69ed60 JavaThread "Compiler Source File Reader" daemon [_thread_blocked, id=2436, stack(0x000000fe26f00000,0x000000fe27000000) (1024K)]
  0x000002176e6a3b80 JavaThread "Compiler Source File Reader" daemon [_thread_blocked, id=10080, stack(0x000000fe28300000,0x000000fe28400000) (1024K)]
  0x000002176e6a4b20 JavaThread "Compiler Source File Reader" daemon [_thread_blocked, id=15644, stack(0x000000fe28400000,0x000000fe28500000) (1024K)]
  0x000002176e6a4350 JavaThread "Compiler Source File Reader" daemon [_thread_blocked, id=15068, stack(0x000000fe28500000,0x000000fe28600000) (1024K)]
  0x000002176e6a6290 JavaThread "Compiler Source File Reader" daemon [_thread_blocked, id=4100, stack(0x000000fe28600000,0x000000fe28700000) (1024K)]
  0x000002176e6a9170 JavaThread "Compiler Source File Reader" daemon [_thread_blocked, id=6688, stack(0x000000fe28800000,0x000000fe28900000) (1024K)]
  0x000002176e6a6a60 JavaThread "Compiler Source File Reader" daemon [_thread_blocked, id=5152, stack(0x000000fe28900000,0x000000fe28a00000) (1024K)]
  0x000002176e6ab0b0 JavaThread "Compiler Source File Reader" daemon [_thread_blocked, id=8280, stack(0x000000fe28a00000,0x000000fe28b00000) (1024K)]
  0x000002176e6ae760 JavaThread "Compiler Source File Reader" daemon [_thread_blocked, id=8788, stack(0x000000fe28b00000,0x000000fe28c00000) (1024K)]
  0x000002176e6ab880 JavaThread "Compiler Source File Reader" daemon [_thread_blocked, id=1456, stack(0x000000fe28c00000,0x000000fe28d00000) (1024K)]
  0x0000021760884e80 JavaThread "ForkJoinPool.commonPool-worker-20" daemon [_thread_blocked, id=15728, stack(0x000000fe24800000,0x000000fe24900000) (1024K)]
  0x00000217608865f0 JavaThread "ForkJoinPool.commonPool-worker-21" daemon [_thread_blocked, id=8884, stack(0x000000fe26700000,0x000000fe26800000) (1024K)]
  0x0000021760886dc0 JavaThread "pool-5-thread-1"                   [_thread_blocked, id=3196, stack(0x000000fe26900000,0x000000fe26a00000) (1024K)]
  0x00000217626db130 JavaThread "C2 CompilerThread1"         daemon [_thread_blocked, id=15536, stack(0x000000fe24700000,0x000000fe24800000) (1024K)]
  0x00000217626d9900 JavaThread "C2 CompilerThread2"         daemon [_thread_blocked, id=14460, stack(0x000000fe25800000,0x000000fe25900000) (1024K)]
Total: 47

Other Threads:
=>0x0000021758275390 VMThread "VM Thread"                           [id=16112, stack(0x000000fe24d00000,0x000000fe24e00000) (1024K)]
  0x000002173e68f800 WatcherThread "VM Periodic Task Thread"        [id=16072, stack(0x000000fe24c00000,0x000000fe24d00000) (1024K)]
  0x000002173e6828d0 WorkerThread "GC Thread#0"                     [id=16036, stack(0x000000fe24b00000,0x000000fe24c00000) (1024K)]
  0x000002175ef345b0 WorkerThread "GC Thread#1"                     [id=7628, stack(0x000000fe25a00000,0x000000fe25b00000) (1024K)]
  0x000002175ef34160 WorkerThread "GC Thread#2"                     [id=13432, stack(0x000000fe25b00000,0x000000fe25c00000) (1024K)]
  0x000002175ef34a00 WorkerThread "GC Thread#3"                     [id=6400, stack(0x000000fe25c00000,0x000000fe25d00000) (1024K)]
  0x000002175ef363e0 WorkerThread "GC Thread#4"                     [id=15560, stack(0x000000fe25d00000,0x000000fe25e00000) (1024K)]
  0x000002175f4b35b0 WorkerThread "GC Thread#5"                     [id=8764, stack(0x000000fe26000000,0x000000fe26100000) (1024K)]
  0x000002175f4b7ab0 WorkerThread "GC Thread#6"                     [id=7384, stack(0x000000fe26400000,0x000000fe26500000) (1024K)]
  0x000002175f4b7f00 WorkerThread "GC Thread#7"                     [id=15508, stack(0x000000fe26500000,0x000000fe26600000) (1024K)]
  0x000002175f4b53e0 WorkerThread "GC Thread#8"                     [id=15924, stack(0x000000fe26600000,0x000000fe26700000) (1024K)]
  0x000002175f4b8350 WorkerThread "GC Thread#9"                     [id=8096, stack(0x000000fe26b00000,0x000000fe26c00000) (1024K)]
Total: 12

Threads with active compile tasks:
C2 CompilerThread0  2280130 31028       4       jdk.internal.classfile.impl.BufWriterImpl::writeIndex (11 bytes)
C2 CompilerThread1  2280130 30887       4       java.lang.invoke.DelegatingMethodHandle::makeReinvokerForm (323 bytes)
C2 CompilerThread2  2280130 30964       4       java.lang.invoke.DirectMethodHandle::make (275 bytes)
Total: 3

VM state: at safepoint (normal execution)

VM Mutex/Monitor currently owned by a thread:  ([mutex/lock_event])
[0x00007ffad9cd8ca8] DumpTimeTable_lock - owner thread: 0x0000021758275390
[0x00007ffad9cd94a8] Threads_lock - owner thread: 0x0000021758275390
[0x00007ffad9cd9628] Heap_lock - owner thread: 0x000002173e66ad60

Heap address: 0x0000000080000000, size: 2048 MB, Compressed Oops mode: 32-bit

CDS archive(s) mapped at: [0x0000000006000000-0x0000000006dd0000-0x0000000006dd0000), size 14483456, SharedBaseAddress: 0x0000000006000000, ArchiveRelocationMode: 1.
Compressed class space mapped at: 0x0000000007000000-0x0000000047000000, reserved size: 1073741824
UseCompressedClassPointers 1, UseCompactObjectHeaders 0
Narrow klass pointer bits 32, Max shift 3
Narrow klass base: 0x0000000006000000, Narrow klass shift: 0
Encoding Range: [0x0000000006000000 - 0x0000000106000000), (4294967296 bytes)
Klass Range:    [0x0000000006010000 - 0x0000000047000000), (1090453504 bytes)
Klass ID Range:  [65536 - 1090519033) (1090453497)
Protection zone: [0x0000000006000000 - 0x0000000006010000), (65536 bytes)

GC Precious Log:
 CardTable entry size: 512
 CPUs: 12 total, 12 available
 Memory: 15712M
 Large Page Support: Disabled
 NUMA Support: Disabled
 Compressed Oops: Enabled (32-bit)
 Alignments: Space 512K, Generation 512K, Heap 2M
 Heap Min Capacity: 100M
 Heap Initial Capacity: 100M
 Heap Max Capacity: 2G
 Pre-touch: Disabled
 Parallel Workers: 10

Heap:
 PSYoungGen      total 33280K, used 3594K [0x00000000d5580000, 0x00000000d7b00000, 0x0000000100000000)
  eden space 32256K, 8% used [0x00000000d5580000,0x00000000d58282b0,0x00000000d7500000)
  from space 1024K, 85% used [0x00000000d7a00000,0x00000000d7ada6a0,0x00000000d7b00000)
  to   space 1024K, 0% used [0x00000000d7900000,0x00000000d7900000,0x00000000d7a00000)
 ParOldGen       total 684032K, used 178637K [0x0000000080000000, 0x00000000a9c00000, 0x00000000d5580000)
  object space 684032K, 26% used [0x0000000080000000,0x000000008ae737a8,0x00000000a9c00000)

Card table byte_map: [0x000002173e160000,0x000002173e560000] _byte_map_base: 0x000002173dd60000

Marking Bits: (ParMarkBitMap*) 0x00007ffad9cde9c0
 Begin Bits: [0x0000021756190000, 0x0000021758190000)

Polling page: 0x000002173c440000

Metaspace:
Metaspace        used 91444K, committed 93440K, reserved 1179648K
 class space     used 8108K, committed 8960K, reserved 1048576K

Usage:
  Non-class:     81.38 MB used.
      Class:      7.92 MB used.
       Both:     89.30 MB used.

Virtual space:
  Non-class space:      128.00 MB reserved,      82.50 MB ( 64%) committed,  2 nodes.
      Class space:        1.00 GB reserved,       8.75 MB ( <1%) committed,  1 nodes.
             Both:        1.12 GB reserved,      91.25 MB (  8%) committed. 

Chunk freelists:
   Non-Class:  12.62 MB
       Class:  7.29 MB
        Both:  19.91 MB

MaxMetaspaceSize: unlimited
CompressedClassSpaceSize: 1.00 GB
Initial GC threshold: 21.00 MB
Current GC threshold: 148.44 MB
CDS: on
 - commit_granule_bytes: 65536.
 - commit_granule_words: 8192.
 - virtual_space_node_default_size: 8388608.
 - enlarge_chunks_in_place: 1.
UseCompressedClassPointers 1, UseCompactObjectHeaders 0
Narrow klass pointer bits 32, Max shift 3
Narrow klass base: 0x0000000006000000, Narrow klass shift: 0
Encoding Range: [0x0000000006000000 - 0x0000000106000000), (4294967296 bytes)
Klass Range:    [0x0000000006010000 - 0x0000000047000000), (1090453504 bytes)
Klass ID Range:  [65536 - 1090519033) (1090453497)
Protection zone: [0x0000000006000000 - 0x0000000006010000), (65536 bytes)


Internal statistics:

num_allocs_failed_limit: 9.
num_arena_births: 2202.
num_arena_deaths: 180.
num_vsnodes_births: 3.
num_vsnodes_deaths: 0.
num_space_committed: 1460.
num_space_uncommitted: 0.
num_chunks_returned_to_freelist: 193.
num_chunks_taken_from_freelist: 6756.
num_chunk_merges: 53.
num_chunk_splits: 4023.
num_chunks_enlarged: 2136.
num_inconsistent_stats: 0.

CodeHeap 'non-profiled nmethods': size=120064Kb used=16942Kb max_used=18455Kb free=103121Kb
 bounds [0x000002174e9a0000, 0x000002174fbc0000, 0x0000021755ee0000]
CodeHeap 'profiled nmethods': size=120000Kb used=42721Kb max_used=52217Kb free=77279Kb
 bounds [0x0000021746ee0000, 0x000002174a1e0000, 0x000002174e410000]
CodeHeap 'non-nmethods': size=5696Kb used=1665Kb max_used=1692Kb free=4030Kb
 bounds [0x000002174e410000, 0x000002174e680000, 0x000002174e9a0000]
CodeCache: size=245760Kb, used=61328Kb, max_used=72364Kb, free=184430Kb
 total_blobs=23237, nmethods=22312, adapters=825, full_count=0
Compilation: enabled, stopped_count=0, restarted_count=0

Compilation events (20 events):
Event: 2276.387 Thread 0x000002175828c3e0 nmethod 31017 0x000002174ec08188 code [0x000002174ec08280, 0x000002174ec08340]
Event: 2276.387 Thread 0x000002175828c3e0 31020       4       java.lang.invoke.MemberName::ensureTypeVisible (180 bytes)
Event: 2276.399 Thread 0x0000021758298bf0 31026       3       jdk.internal.classfile.impl.DirectCodeBuilder::areturn (12 bytes)
Event: 2276.400 Thread 0x0000021758298bf0 nmethod 31026 0x00000217476d7488 code [0x00000217476d7580, 0x00000217476d7758]
Event: 2276.400 Thread 0x0000021758298bf0 31027       3       java.lang.invoke.ClassSpecializer$Factory$1$1Var::isInHeap (13 bytes)
Event: 2276.400 Thread 0x0000021758298bf0 nmethod 31027 0x00000217476d8b08 code [0x00000217476d8c00, 0x00000217476d8d58]
Event: 2276.400 Thread 0x0000021758298bf0 31029       3       java.lang.invoke.ClassSpecializer$Factory$1$1Var::nextIndex (18 bytes)
Event: 2276.401 Thread 0x0000021758298bf0 nmethod 31029 0x00000217479d2008 code [0x00000217479d2100, 0x00000217479d2498]
Event: 2276.401 Thread 0x0000021758298bf0 31030       3       java.lang.invoke.ClassSpecializer$Factory$1$1Var::<init> (137 bytes)
Event: 2276.403 Thread 0x0000021758298bf0 nmethod 31030 0x0000021747515708 code [0x0000021747515800, 0x0000021747517348]
Event: 2276.403 Thread 0x0000021758298bf0 31031       3       java.lang.invoke.ClassSpecializer$Factory$1$1Var::nextSlotIndex (24 bytes)
Event: 2276.404 Thread 0x0000021758298bf0 nmethod 31031 0x00000217480e2f88 code [0x00000217480e3080, 0x00000217480e3400]
Event: 2276.404 Thread 0x0000021758298bf0 31032       3       java.lang.classfile.ClassBuilder::withField (32 bytes)
Event: 2276.404 Thread 0x000002175828c3e0 nmethod 31020 0x000002174ead3388 code [0x000002174ead3480, 0x000002174ead3a88]
Event: 2276.404 Thread 0x000002175828c3e0 31028       4       jdk.internal.classfile.impl.BufWriterImpl::writeIndex (11 bytes)
Event: 2276.405 Thread 0x0000021758298bf0 nmethod 31032 0x0000021747210208 code [0x0000021747210300, 0x0000021747210a20]
Event: 2276.405 Thread 0x0000021758298bf0 31034       3       jdk.internal.classfile.impl.DirectCodeBuilder::getfield (22 bytes)
Event: 2276.405 Thread 0x0000021758298bf0 nmethod 31034 0x0000021747abfa88 code [0x0000021747abfb80, 0x0000021747ac0050]
Event: 2276.405 Thread 0x0000021758298bf0 31033       3       java.lang.invoke.ClassSpecializer$Factory$1$1Var::emitLoadInstruction (19 bytes)
Event: 2276.405 Thread 0x0000021758298bf0 nmethod 31033 0x00000217476e4008 code [0x00000217476e4100, 0x00000217476e42b0]

GC Heap Usage History (20 events):
Event: 2025.447 {heap Before GC invocations=484 (full 5):
 PSYoungGen      total 29184K, used 28465K [0x00000000d5580000, 0x00000000d7800000, 0x0000000100000000)
  eden space 25088K, 97% used [0x00000000d5580000,0x00000000d6d50b20,0x00000000d6e00000)
  from space 4096K, 99% used [0x00000000d7400000,0x00000000d77fba00,0x00000000d7800000)
  to   space 5120K, 0% used [0x00000000d6e00000,0x00000000d6e00000,0x00000000d7300000)
 ParOldGen       total 684032K, used 169963K [0x0000000080000000, 0x00000000a9c00000, 0x00000000d5580Event: 2025.450 {heap After GC invocations=484 (full 5):
 PSYoungGen      total 30208K, used 544K [0x00000000d5580000, 0x00000000d7680000, 0x0000000100000000)
  eden space 25088K, 0% used [0x00000000d5580000,0x00000000d5580000,0x00000000d6e00000)
  from space 5120K, 10% used [0x00000000d6e00000,0x00000000d6e88000,0x00000000d7300000)
  to   space 2048K, 0% used [0x00000000d7480000,0x00000000d7480000,0x00000000d7680000)
 ParOldGen       total 684032K, used 170344K [0x0000000080000000, 0x00000000a9c00000, 0x00000000d5580000)Event: 2026.853 {heap Before GC invocations=485 (full 5):
 PSYoungGen      total 30208K, used 25632K [0x00000000d5580000, 0x00000000d7680000, 0x0000000100000000)
  eden space 25088K, 100% used [0x00000000d5580000,0x00000000d6e00000,0x00000000d6e00000)
  from space 5120K, 10% used [0x00000000d6e00000,0x00000000d6e88000,0x00000000d7300000)
  to   space 2048K, 0% used [0x00000000d7480000,0x00000000d7480000,0x00000000d7680000)
 ParOldGen       total 684032K, used 170344K [0x0000000080000000, 0x00000000a9c00000, 0x00000000d558Event: 2026.855 {heap After GC invocations=485 (full 5):
 PSYoungGen      total 32256K, used 992K [0x00000000d5580000, 0x00000000d7680000, 0x0000000100000000)
  eden space 30208K, 0% used [0x00000000d5580000,0x00000000d5580000,0x00000000d7300000)
  from space 2048K, 48% used [0x00000000d7480000,0x00000000d7578020,0x00000000d7680000)
  to   space 1536K, 0% used [0x00000000d7300000,0x00000000d7300000,0x00000000d7480000)
 ParOldGen       total 684032K, used 170572K [0x0000000080000000, 0x00000000a9c00000, 0x00000000d5580000)Event: 2029.518 {heap Before GC invocations=486 (full 5):
 PSYoungGen      total 32256K, used 31200K [0x00000000d5580000, 0x00000000d7680000, 0x0000000100000000)
  eden space 30208K, 100% used [0x00000000d5580000,0x00000000d7300000,0x00000000d7300000)
  from space 2048K, 48% used [0x00000000d7480000,0x00000000d7578020,0x00000000d7680000)
  to   space 1536K, 0% used [0x00000000d7300000,0x00000000d7300000,0x00000000d7480000)
 ParOldGen       total 684032K, used 170572K [0x0000000080000000, 0x00000000a9c00000, 0x00000000d558Event: 2029.521 {heap After GC invocations=486 (full 5):
 PSYoungGen      total 31744K, used 224K [0x00000000d5580000, 0x00000000d7680000, 0x0000000100000000)
  eden space 30208K, 0% used [0x00000000d5580000,0x00000000d5580000,0x00000000d7300000)
  from space 1536K, 14% used [0x00000000d7300000,0x00000000d7338000,0x00000000d7480000)
  to   space 1024K, 0% used [0x00000000d7580000,0x00000000d7580000,0x00000000d7680000)
 ParOldGen       total 684032K, used 170660K [0x0000000080000000, 0x00000000a9c00000, 0x00000000d5580000)Event: 2031.073 {heap Before GC invocations=487 (full 5):
 PSYoungGen      total 31744K, used 30432K [0x00000000d5580000, 0x00000000d7680000, 0x0000000100000000)
  eden space 30208K, 100% used [0x00000000d5580000,0x00000000d7300000,0x00000000d7300000)
  from space 1536K, 14% used [0x00000000d7300000,0x00000000d7338000,0x00000000d7480000)
  to   space 1024K, 0% used [0x00000000d7580000,0x00000000d7580000,0x00000000d7680000)
 ParOldGen       total 684032K, used 170660K [0x0000000080000000, 0x00000000a9c00000, 0x00000000d558Event: 2031.076 {heap After GC invocations=487 (full 5):
 PSYoungGen      total 32768K, used 608K [0x00000000d5580000, 0x00000000d7680000, 0x0000000100000000)
  eden space 31744K, 0% used [0x00000000d5580000,0x00000000d5580000,0x00000000d7480000)
  from space 1024K, 59% used [0x00000000d7580000,0x00000000d7618020,0x00000000d7680000)
  to   space 1024K, 0% used [0x00000000d7480000,0x00000000d7480000,0x00000000d7580000)
 ParOldGen       total 684032K, used 170732K [0x0000000080000000, 0x00000000a9c00000, 0x00000000d5580000)Event: 2033.636 {heap Before GC invocations=488 (full 5):
 PSYoungGen      total 32768K, used 32352K [0x00000000d5580000, 0x00000000d7680000, 0x0000000100000000)
  eden space 31744K, 100% used [0x00000000d5580000,0x00000000d7480000,0x00000000d7480000)
  from space 1024K, 59% used [0x00000000d7580000,0x00000000d7618020,0x00000000d7680000)
  to   space 1024K, 0% used [0x00000000d7480000,0x00000000d7480000,0x00000000d7580000)
 ParOldGen       total 684032K, used 170732K [0x0000000080000000, 0x00000000a9c00000, 0x00000000d558Event: 2033.641 {heap After GC invocations=488 (full 5):
 PSYoungGen      total 32256K, used 1018K [0x00000000d5580000, 0x00000000d8300000, 0x0000000100000000)
  eden space 31232K, 0% used [0x00000000d5580000,0x00000000d5580000,0x00000000d7400000)
  from space 1024K, 99% used [0x00000000d7480000,0x00000000d757eac8,0x00000000d7580000)
  to   space 7680K, 0% used [0x00000000d7b80000,0x00000000d7b80000,0x00000000d8300000)
 ParOldGen       total 684032K, used 176270K [0x0000000080000000, 0x00000000a9c00000, 0x00000000d5580000Event: 2037.439 {heap Before GC invocations=489 (full 5):
 PSYoungGen      total 32256K, used 32250K [0x00000000d5580000, 0x00000000d8300000, 0x0000000100000000)
  eden space 31232K, 100% used [0x00000000d5580000,0x00000000d7400000,0x00000000d7400000)
  from space 1024K, 99% used [0x00000000d7480000,0x00000000d757eac8,0x00000000d7580000)
  to   space 7680K, 0% used [0x00000000d7b80000,0x00000000d7b80000,0x00000000d8300000)
 ParOldGen       total 684032K, used 176270K [0x0000000080000000, 0x00000000a9c00000, 0x00000000d558Event: 2037.442 {heap After GC invocations=489 (full 5):
 PSYoungGen      total 31744K, used 992K [0x00000000d5580000, 0x00000000d7c80000, 0x0000000100000000)
  eden space 30720K, 0% used [0x00000000d5580000,0x00000000d5580000,0x00000000d7380000)
  from space 1024K, 96% used [0x00000000d7b80000,0x00000000d7c78020,0x00000000d7c80000)
  to   space 3072K, 0% used [0x00000000d7680000,0x00000000d7680000,0x00000000d7980000)
 ParOldGen       total 684032K, used 176915K [0x0000000080000000, 0x00000000a9c00000, 0x00000000d5580000)Event: 2039.914 {heap Before GC invocations=490 (full 5):
 PSYoungGen      total 31744K, used 31712K [0x00000000d5580000, 0x00000000d7c80000, 0x0000000100000000)
  eden space 30720K, 100% used [0x00000000d5580000,0x00000000d7380000,0x00000000d7380000)
  from space 1024K, 96% used [0x00000000d7b80000,0x00000000d7c78020,0x00000000d7c80000)
  to   space 3072K, 0% used [0x00000000d7680000,0x00000000d7680000,0x00000000d7980000)
 ParOldGen       total 684032K, used 176915K [0x0000000080000000, 0x00000000a9c00000, 0x00000000d558Event: 2039.919 {heap After GC invocations=490 (full 5):
 PSYoungGen      total 36864K, used 1120K [0x00000000d5580000, 0x00000000d7c00000, 0x0000000100000000)
  eden space 33792K, 0% used [0x00000000d5580000,0x00000000d5580000,0x00000000d7680000)
  from space 3072K, 36% used [0x00000000d7680000,0x00000000d7798040,0x00000000d7980000)
  to   space 1536K, 0% used [0x00000000d7a80000,0x00000000d7a80000,0x00000000d7c00000)
 ParOldGen       total 684032K, used 177259K [0x0000000080000000, 0x00000000a9c00000, 0x00000000d5580000Event: 2222.386 {heap Before GC invocations=491 (full 5):
 PSYoungGen      total 36864K, used 34912K [0x00000000d5580000, 0x00000000d7c00000, 0x0000000100000000)
  eden space 33792K, 100% used [0x00000000d5580000,0x00000000d7680000,0x00000000d7680000)
  from space 3072K, 36% used [0x00000000d7680000,0x00000000d7798040,0x00000000d7980000)
  to   space 1536K, 0% used [0x00000000d7a80000,0x00000000d7a80000,0x00000000d7c00000)
 ParOldGen       total 684032K, used 177259K [0x0000000080000000, 0x00000000a9c00000, 0x00000000d558Event: 2222.388 {heap After GC invocations=491 (full 5):
 PSYoungGen      total 33792K, used 480K [0x00000000d5580000, 0x00000000d7b00000, 0x0000000100000000)
  eden space 33280K, 0% used [0x00000000d5580000,0x00000000d5580000,0x00000000d7600000)
  from space 512K, 93% used [0x00000000d7a80000,0x00000000d7af8020,0x00000000d7b00000)
  to   space 1024K, 0% used [0x00000000d7900000,0x00000000d7900000,0x00000000d7a00000)
 ParOldGen       total 684032K, used 177958K [0x0000000080000000, 0x00000000a9c00000, 0x00000000d5580000)
Event: 2276.038 {heap Before GC invocations=492 (full 5):
 PSYoungGen      total 33792K, used 33760K [0x00000000d5580000, 0x00000000d7b00000, 0x0000000100000000)
  eden space 33280K, 100% used [0x00000000d5580000,0x00000000d7600000,0x00000000d7600000)
  from space 512K, 93% used [0x00000000d7a80000,0x00000000d7af8020,0x00000000d7b00000)
  to   space 1024K, 0% used [0x00000000d7900000,0x00000000d7900000,0x00000000d7a00000)
 ParOldGen       total 684032K, used 177958K [0x0000000080000000, 0x00000000a9c00000, 0x00000000d5580Event: 2276.040 {heap After GC invocations=492 (full 5):
 PSYoungGen      total 33792K, used 704K [0x00000000d5580000, 0x00000000d7b00000, 0x0000000100000000)
  eden space 32768K, 0% used [0x00000000d5580000,0x00000000d5580000,0x00000000d7580000)
  from space 1024K, 68% used [0x00000000d7900000,0x00000000d79b0000,0x00000000d7a00000)
  to   space 1024K, 0% used [0x00000000d7a00000,0x00000000d7a00000,0x00000000d7b00000)
 ParOldGen       total 684032K, used 178086K [0x0000000080000000, 0x00000000a9c00000, 0x00000000d5580000)Event: 2276.391 {heap Before GC invocations=493 (full 5):
 PSYoungGen      total 33792K, used 33472K [0x00000000d5580000, 0x00000000d7b00000, 0x0000000100000000)
  eden space 32768K, 100% used [0x00000000d5580000,0x00000000d7580000,0x00000000d7580000)
  from space 1024K, 68% used [0x00000000d7900000,0x00000000d79b0000,0x00000000d7a00000)
  to   space 1024K, 0% used [0x00000000d7a00000,0x00000000d7a00000,0x00000000d7b00000)
 ParOldGen       total 684032K, used 178086K [0x0000000080000000, 0x00000000a9c00000, 0x00000000d558Event: 2276.394 {heap After GC invocations=493 (full 5):
 PSYoungGen      total 33280K, used 873K [0x00000000d5580000, 0x00000000d7b00000, 0x0000000100000000)
  eden space 32256K, 0% used [0x00000000d5580000,0x00000000d5580000,0x00000000d7500000)
  from space 1024K, 85% used [0x00000000d7a00000,0x00000000d7ada6a0,0x00000000d7b00000)
  to   space 1024K, 0% used [0x00000000d7900000,0x00000000d7900000,0x00000000d7a00000)
 ParOldGen       total 684032K, used 178637K [0x0000000080000000, 0x00000000a9c00000, 0x00000000d5580000)
Metaspace Usage History (20 events):
Event: 2025.447 {metaspace Before GC invocations=484 (full 5):
 Metaspace       used 89704K, committed 91392K, reserved 1179648K
  class space    used 7839K, committed 8640K, reserved 1048576K
}
Event: 2025.450 {metaspace After GC invocations=484 (full 5):
 Metaspace       used 89704K, committed 91392K, reserved 1179648K
  class space    used 7839K, committed 8640K, reserved 1048576K
}
Event: 2026.853 {metaspace Before GC invocations=485 (full 5):
 Metaspace       used 89725K, committed 91392K, reserved 1179648K
  class space    used 7840K, committed 8640K, reserved 1048576K
}
Event: 2026.855 {metaspace After GC invocations=485 (full 5):
 Metaspace       used 89725K, committed 91392K, reserved 1179648K
  class space    used 7840K, committed 8640K, reserved 1048576K
}
Event: 2029.518 {metaspace Before GC invocations=486 (full 5):
 Metaspace       used 89759K, committed 91392K, reserved 1179648K
  class space    used 7842K, committed 8640K, reserved 1048576K
}
Event: 2029.521 {metaspace After GC invocations=486 (full 5):
 Metaspace       used 89759K, committed 91392K, reserved 1179648K
  class space    used 7842K, committed 8640K, reserved 1048576K
}
Event: 2031.073 {metaspace Before GC invocations=487 (full 5):
 Metaspace       used 89786K, committed 91456K, reserved 1179648K
  class space    used 7842K, committed 8640K, reserved 1048576K
}
Event: 2031.076 {metaspace After GC invocations=487 (full 5):
 Metaspace       used 89786K, committed 91456K, reserved 1179648K
  class space    used 7842K, committed 8640K, reserved 1048576K
}
Event: 2033.636 {metaspace Before GC invocations=488 (full 5):
 Metaspace       used 89814K, committed 91456K, reserved 1179648K
  class space    used 7843K, committed 8640K, reserved 1048576K
}
Event: 2033.641 {metaspace After GC invocations=488 (full 5):
 Metaspace       used 89814K, committed 91456K, reserved 1179648K
  class space    used 7843K, committed 8640K, reserved 1048576K
}
Event: 2037.439 {metaspace Before GC invocations=489 (full 5):
 Metaspace       used 89820K, committed 91456K, reserved 1179648K
  class space    used 7843K, committed 8640K, reserved 1048576K
}
Event: 2037.443 {metaspace After GC invocations=489 (full 5):
 Metaspace       used 89820K, committed 91456K, reserved 1179648K
  class space    used 7843K, committed 8640K, reserved 1048576K
}
Event: 2039.914 {metaspace Before GC invocations=490 (full 5):
 Metaspace       used 89833K, committed 91456K, reserved 1179648K
  class space    used 7843K, committed 8640K, reserved 1048576K
}
Event: 2039.919 {metaspace After GC invocations=490 (full 5):
 Metaspace       used 89833K, committed 91456K, reserved 1179648K
  class space    used 7843K, committed 8640K, reserved 1048576K
}
Event: 2222.386 {metaspace Before GC invocations=491 (full 5):
 Metaspace       used 89861K, committed 91456K, reserved 1179648K
  class space    used 7843K, committed 8640K, reserved 1048576K
}
Event: 2222.388 {metaspace After GC invocations=491 (full 5):
 Metaspace       used 89861K, committed 91456K, reserved 1179648K
  class space    used 7843K, committed 8640K, reserved 1048576K
}
Event: 2276.038 {metaspace Before GC invocations=492 (full 5):
 Metaspace       used 90193K, committed 91776K, reserved 1179648K
  class space    used 7889K, committed 8640K, reserved 1048576K
}
Event: 2276.040 {metaspace After GC invocations=492 (full 5):
 Metaspace       used 90193K, committed 91776K, reserved 1179648K
  class space    used 7889K, committed 8640K, reserved 1048576K
}
Event: 2276.391 {metaspace Before GC invocations=493 (full 5):
 Metaspace       used 91247K, committed 93248K, reserved 1179648K
  class space    used 8104K, committed 8960K, reserved 1048576K
}
Event: 2276.394 {metaspace After GC invocations=493 (full 5):
 Metaspace       used 91247K, committed 93248K, reserved 1179648K
  class space    used 8104K, committed 8960K, reserved 1048576K
}

Dll operation events (12 events):
Event: 0.260 Loaded shared library D:\JavaJdk\jdk-25LTS\bin\java.dll
Event: 0.377 Loaded shared library D:\JavaJdk\jdk-25LTS\bin\zip.dll
Event: 0.513 Loaded shared library D:\JavaJdk\jdk-25LTS\bin\instrument.dll
Event: 0.597 Loaded shared library D:\JavaJdk\jdk-25LTS\bin\net.dll
Event: 0.696 Loaded shared library D:\JavaJdk\jdk-25LTS\bin\nio.dll
Event: 0.705 Loaded shared library D:\JavaJdk\jdk-25LTS\bin\zip.dll
Event: 0.747 Loaded shared library D:\JavaJdk\jdk-25LTS\bin\jimage.dll
Event: 1.011 Loaded shared library D:\JavaJdk\jdk-25LTS\bin\verify.dll
Event: 3.813 Loaded shared library C:\Users\sujit\AppData\Roaming\Code - Insiders\User\globalStorage\redhat.java\1.47.2025101715\config_win\org.eclipse.equinox.launcher\org.eclipse.equinox.launcher.win32.win32.x86_64_1.2.1400.v20250801-0854\eclipse_11916.dll
Event: 7.021 Loaded shared library C:\Users\sujit\AppData\Local\Temp\jna-109795699\jna14836259070684652750.dll
Event: 275.649 Loaded shared library D:\JavaJdk\jdk-25LTS\bin\extnet.dll
Event: 1884.794 Loaded shared library D:\JavaJdk\jdk-25LTS\bin\sunmscapi.dll

Deoptimization events (20 events):
Event: 2276.305 Thread 0x000002173e66ad60 Uncommon trap: trap_request=0xffffff45 fr.pc=0x000002174f057248 relative=0x00000000000008c8
Event: 2276.305 Thread 0x000002173e66ad60 Uncommon trap: reason=unstable_if action=reinterpret pc=0x000002174f057248 method=java.lang.invoke.LambdaForm$BasicType.basicType(C)Ljava/lang/invoke/LambdaForm$BasicType; @ 1 c2
Event: 2276.305 Thread 0x000002173e66ad60 DEOPT PACKING pc=0x000002174f057248 sp=0x000000fe24afe350
Event: 2276.305 Thread 0x000002173e66ad60 DEOPT UNPACKING pc=0x000002174e527b82 sp=0x000000fe24afe150 mode 2
Event: 2276.317 Thread 0x000002173e66ad60 Uncommon trap: trap_request=0xffffff45 fr.pc=0x000002174faff2f8 relative=0x0000000000000e78
Event: 2276.317 Thread 0x000002173e66ad60 Uncommon trap: reason=unstable_if action=reinterpret pc=0x000002174faff2f8 method=jdk.internal.classfile.impl.StackMapGenerator$Frame.pushStack(Ljava/lang/constant/ClassDesc;)Ljdk/internal/classfile/impl/StackMapGenerator$Frame; @ 61 c2
Event: 2276.317 Thread 0x000002173e66ad60 DEOPT PACKING pc=0x000002174faff2f8 sp=0x000000fe24afdbb0
Event: 2276.317 Thread 0x000002173e66ad60 DEOPT UNPACKING pc=0x000002174e527b82 sp=0x000000fe24afdab8 mode 2
Event: 2276.317 Thread 0x000002173e66ad60 Uncommon trap: trap_request=0xffffff45 fr.pc=0x000002174f06c8d8 relative=0x00000000000003d8
Event: 2276.317 Thread 0x000002173e66ad60 Uncommon trap: reason=unstable_if action=reinterpret pc=0x000002174f06c8d8 method=jdk.internal.classfile.impl.StackMapGenerator$Frame.pushStack(Ljava/lang/constant/ClassDesc;)Ljdk/internal/classfile/impl/StackMapGenerator$Frame; @ 61 c2
Event: 2276.317 Thread 0x000002173e66ad60 DEOPT PACKING pc=0x000002174f06c8d8 sp=0x000000fe24afdb00
Event: 2276.317 Thread 0x000002173e66ad60 DEOPT UNPACKING pc=0x000002174e527b82 sp=0x000000fe24afdab0 mode 2
Event: 2276.318 Thread 0x000002173e66ad60 Uncommon trap: trap_request=0xfffffff4 fr.pc=0x000002174ee12da0 relative=0x0000000000001120
Event: 2276.318 Thread 0x000002173e66ad60 Uncommon trap: reason=null_check action=make_not_entrant pc=0x000002174ee12da0 method=java.lang.invoke.MethodTypeForm.cachedLambdaForm(I)Ljava/lang/invoke/LambdaForm; @ 15 c2
Event: 2276.318 Thread 0x000002173e66ad60 DEOPT PACKING pc=0x000002174ee12da0 sp=0x000000fe24afe560
Event: 2276.318 Thread 0x000002173e66ad60 DEOPT UNPACKING pc=0x000002174e527b82 sp=0x000000fe24afe4b0 mode 2
Event: 2276.376 Thread 0x000002173e66ad60 Uncommon trap: trap_request=0xffffff45 fr.pc=0x000002174fb1539c relative=0x000000000000051c
Event: 2276.376 Thread 0x000002173e66ad60 Uncommon trap: reason=unstable_if action=reinterpret pc=0x000002174fb1539c method=java.lang.invoke.MethodType.insertParameterTypes(I[Ljava/lang/Class;)Ljava/lang/invoke/MethodType; @ 48 c2
Event: 2276.376 Thread 0x000002173e66ad60 DEOPT PACKING pc=0x000002174fb1539c sp=0x000000fe24afe4d0
Event: 2276.376 Thread 0x000002173e66ad60 DEOPT UNPACKING pc=0x000002174e527b82 sp=0x000000fe24afe488 mode 2

Classes loaded (20 events):
Event: 2276.135 Loading class java/util/function/LongBinaryOperator
Event: 2276.135 Loading class java/util/function/LongBinaryOperator done
Event: 2276.136 Loading class java/util/stream/ReduceOps$10
Event: 2276.136 Loading class java/util/stream/ReduceOps$10 done
Event: 2276.136 Loading class java/util/stream/ReduceOps$8ReducingSink
Event: 2276.136 Loading class java/util/stream/Sink$OfLong
Event: 2276.136 Loading class java/util/stream/Sink$OfLong done
Event: 2276.136 Loading class java/util/stream/ReduceOps$8ReducingSink done
Event: 2276.136 Loading class java/util/stream/ReferencePipeline$5$1
Event: 2276.137 Loading class java/util/stream/ReferencePipeline$5$1 done
Event: 2276.190 Loading class java/nio/file/attribute/PosixFileAttributes
Event: 2276.191 Loading class java/nio/file/attribute/PosixFileAttributes done
Event: 2276.266 Loading class java/lang/invoke/GenerateJLIClassesHelper
Event: 2276.267 Loading class java/lang/invoke/GenerateJLIClassesHelper done
Event: 2276.267 Loading class java/lang/invoke/GenerateJLIClassesHelper$HolderClassBuilder
Event: 2276.267 Loading class java/lang/invoke/GenerateJLIClassesHelper$HolderClassBuilder done
Event: 2276.332 Loading class java/lang/invoke/BoundMethodHandle$Species_J
Event: 2276.332 Loading class java/lang/invoke/BoundMethodHandle$Species_J done
Event: 2276.396 Loading class java/lang/invoke/BoundMethodHandle$Species_F
Event: 2276.396 Loading class java/lang/invoke/BoundMethodHandle$Species_F done

Classes unloaded (20 events):
Event: 2003.719 Thread 0x0000021758275390 Unloading class 0x00000000070a0c00 'java/lang/invoke/LambdaForm$MH+0x00000000070a0c00'
Event: 2003.719 Thread 0x0000021758275390 Unloading class 0x000000000704b800 'java/lang/invoke/LambdaForm$MH+0x000000000704b800'
Event: 2003.719 Thread 0x0000021758275390 Unloading class 0x000000000704b400 'java/lang/invoke/LambdaForm$MH+0x000000000704b400'
Event: 2003.719 Thread 0x0000021758275390 Unloading class 0x000000000704b000 'java/lang/invoke/LambdaForm$MH+0x000000000704b000'
Event: 2003.719 Thread 0x0000021758275390 Unloading class 0x000000000704ac00 'java/lang/invoke/LambdaForm$MH+0x000000000704ac00'
Event: 2003.719 Thread 0x0000021758275390 Unloading class 0x000000000704a800 'java/lang/invoke/LambdaForm$BMH+0x000000000704a800'
Event: 2003.719 Thread 0x0000021758275390 Unloading class 0x000000000704a000 'java/lang/invoke/LambdaForm$DMH+0x000000000704a000'
Event: 2003.719 Thread 0x0000021758275390 Unloading class 0x0000000007047800 'java/lang/invoke/LambdaForm$MH+0x0000000007047800'
Event: 2003.719 Thread 0x0000021758275390 Unloading class 0x0000000007047400 'java/lang/invoke/LambdaForm$MH+0x0000000007047400'
Event: 2003.719 Thread 0x0000021758275390 Unloading class 0x0000000007047000 'java/lang/invoke/LambdaForm$MH+0x0000000007047000'
Event: 2003.719 Thread 0x0000021758275390 Unloading class 0x0000000007045c00 'java/lang/invoke/LambdaForm$MH+0x0000000007045c00'
Event: 2003.719 Thread 0x0000021758275390 Unloading class 0x0000000007045800 'java/lang/invoke/LambdaForm$MH+0x0000000007045800'
Event: 2003.719 Thread 0x0000021758275390 Unloading class 0x0000000007045400 'java/lang/invoke/LambdaForm$MH+0x0000000007045400'
Event: 2003.719 Thread 0x0000021758275390 Unloading class 0x0000000007045000 'java/lang/invoke/LambdaForm$MH+0x0000000007045000'
Event: 2003.719 Thread 0x0000021758275390 Unloading class 0x0000000007044c00 'java/lang/invoke/LambdaForm$BMH+0x0000000007044c00'
Event: 2003.719 Thread 0x0000021758275390 Unloading class 0x0000000007043400 'java/lang/invoke/LambdaForm$DMH+0x0000000007043400'
Event: 2003.719 Thread 0x0000021758275390 Unloading class 0x0000000007042000 'java/lang/invoke/LambdaForm$MH+0x0000000007042000'
Event: 2003.719 Thread 0x0000021758275390 Unloading class 0x0000000007041c00 'java/lang/invoke/LambdaForm$MH+0x0000000007041c00'
Event: 2003.719 Thread 0x0000021758275390 Unloading class 0x0000000007041800 'java/lang/invoke/LambdaForm$MH+0x0000000007041800'
Event: 2003.719 Thread 0x0000021758275390 Unloading class 0x0000000007041000 'java/lang/invoke/LambdaForm$MH+0x0000000007041000'

Classes redefined (0 events):
No events

Internal exceptions (20 events):
Event: 2276.385 Thread 0x000002173e66ad60 Exception <a 'java/lang/NoSuchMethodError'{0x00000000d7393530}: 'void java.lang.invoke.Invokers$Holder.invoke_MT(java.lang.Object, java.lang.Object, int, java.lang.Object)'> (0x00000000d7393530) 
thrown [s\open\src\hotspot\share\interpreter\linkResolver.cpp, line 804]
Event: 2276.386 Thread 0x000002173e66ad60 Exception <a 'java/lang/NoSuchMethodError'{0x00000000d739ba78}: 'void java.lang.invoke.Invokers$Holder.invoke_MT(java.lang.Object, java.lang.Object, long, java.lang.Object)'> (0x00000000d739ba78) 
thrown [s\open\src\hotspot\share\interpreter\linkResolver.cpp, line 804]
Event: 2276.386 Thread 0x000002173e66ad60 Exception <a 'java/lang/NoSuchMethodError'{0x00000000d73a4080}: 'int java.lang.invoke.Invokers$Holder.invoke_MT(java.lang.Object, java.lang.Object)'> (0x00000000d73a4080) 
thrown [s\open\src\hotspot\share\interpreter\linkResolver.cpp, line 804]
Event: 2276.386 Thread 0x000002173e66ad60 Exception <a 'java/lang/NoSuchMethodError'{0x00000000d73ac460}: 'long java.lang.invoke.Invokers$Holder.invoke_MT(java.lang.Object, java.lang.Object)'> (0x00000000d73ac460) 
thrown [s\open\src\hotspot\share\interpreter\linkResolver.cpp, line 804]
Event: 2276.387 Thread 0x000002173e66ad60 Exception <a 'java/lang/NoSuchMethodError'{0x00000000d73b88d8}: 'java.lang.Object java.lang.invoke.Invokers$Holder.linkToCallSite(int, int, int, java.lang.Object)'> (0x00000000d73b88d8) 
thrown [s\open\src\hotspot\share\interpreter\linkResolver.cpp, line 804]
Event: 2276.387 Thread 0x000002173e66ad60 Exception <a 'java/lang/NoSuchMethodError'{0x00000000d73c0b50}: 'java.lang.Object java.lang.invoke.Invokers$Holder.linkToCallSite(int, int, int, int, java.lang.Object)'> (0x00000000d73c0b50) 
thrown [s\open\src\hotspot\share\interpreter\linkResolver.cpp, line 804]
Event: 2276.387 Thread 0x000002173e66ad60 Exception <a 'java/lang/NoSuchMethodError'{0x00000000d73c9478}: 'java.lang.Object java.lang.invoke.Invokers$Holder.linkToCallSite(int, long, java.lang.Object)'> (0x00000000d73c9478) 
thrown [s\open\src\hotspot\share\interpreter\linkResolver.cpp, line 804]
Event: 2276.387 Thread 0x000002173e66ad60 Exception <a 'java/lang/NoSuchMethodError'{0x00000000d73d1600}: 'java.lang.Object java.lang.invoke.Invokers$Holder.linkToCallSite(int, java.lang.Object, java.lang.Object, java.lang.Object)'> (0x00000000d73d1600) 
thrown [s\open\src\hotspot\share\interpreter\linkResolver.cpp, line 804]
Event: 2276.388 Thread 0x000002173e66ad60 Exception <a 'java/lang/NoSuchMethodError'{0x00000000d73d5960}: 'java.lang.Object java.lang.invoke.Invokers$Holder.linkToCallSite(int, java.lang.Object, java.lang.Object, java.lang.Object, java.lang.Object)'> (0x00000000d73d5960) 
thrown [s\open\src\hotspot\share\interpreter\linkResolver.cpp, line 804]
Event: 2276.388 Thread 0x000002173e66ad60 Exception <a 'java/lang/NoSuchMethodError'{0x00000000d73e5200}: 'java.lang.Object java.lang.invoke.Invokers$Holder.linkToCallSite(java.lang.Object, java.lang.Object, java.lang.Object, int, java.lang.Object, java.lang.Object, java.lang.Object)'> (0x00000000d73e5200) 
thrown [s\open\src\hotspot\share\interpreter\linkResolver.cpp, line 804]
Event: 2276.388 Thread 0x000002173e66ad60 Exception <a 'java/lang/NoSuchMethodError'{0x00000000d73eda80}: 'java.lang.Object java.lang.invoke.Invokers$Holder.linkToCallSite(java.lang.Object, java.lang.Object, java.lang.Object, int, java.lang.Object, java.lang.Object)'> (0x00000000d73eda80) 
thrown [s\open\src\hotspot\share\interpreter\linkResolver.cpp, line 804]
Event: 2276.389 Thread 0x000002173e66ad60 Exception <a 'java/lang/NoSuchMethodError'{0x00000000d73fb6c0}: 'java.lang.Object java.lang.invoke.Invokers$Holder.linkToCallSite(java.lang.Object, int, int, java.lang.Object, java.lang.Object)'> (0x00000000d73fb6c0) 
thrown [s\open\src\hotspot\share\interpreter\linkResolver.cpp, line 804]
Event: 2276.389 Thread 0x000002173e66ad60 Exception <a 'java/lang/NoSuchMethodError'{0x00000000d7403c40}: 'java.lang.Object java.lang.invoke.Invokers$Holder.linkToCallSite(java.lang.Object, int, java.lang.Object, int, java.lang.Object, java.lang.Object)'> (0x00000000d7403c40) 
thrown [s\open\src\hotspot\share\interpreter\linkResolver.cpp, line 804]
Event: 2276.389 Thread 0x000002173e66ad60 Exception <a 'java/lang/NoSuchMethodError'{0x00000000d740bfa8}: 'java.lang.Object java.lang.invoke.Invokers$Holder.linkToCallSite(java.lang.Object, int, java.lang.Object, java.lang.Object)'> (0x00000000d740bfa8) 
thrown [s\open\src\hotspot\share\interpreter\linkResolver.cpp, line 804]
Event: 2276.390 Thread 0x000002173e66ad60 Exception <a 'java/lang/NoSuchMethodError'{0x00000000d7414e30}: 'java.lang.Object java.lang.invoke.Invokers$Holder.linkToCallSite(java.lang.Object, long, java.lang.Object, java.lang.Object)'> (0x00000000d7414e30) 
thrown [s\open\src\hotspot\share\interpreter\linkResolver.cpp, line 804]
Event: 2276.390 Thread 0x000002173e66ad60 Exception <a 'java/lang/NoSuchMethodError'{0x00000000d741d0d8}: 'java.lang.Object java.lang.invoke.Invokers$Holder.linkToCallSite(java.lang.Object, long, java.lang.Object)'> (0x00000000d741d0d8) 
thrown [s\open\src\hotspot\share\interpreter\linkResolver.cpp, line 804]
Event: 2276.390 Thread 0x000002173e66ad60 Exception <a 'java/lang/NoSuchMethodError'{0x00000000d7425598}: 'java.lang.Object java.lang.invoke.Invokers$Holder.linkToCallSite(java.lang.Object, java.lang.Object, int, java.lang.Object, java.lang.Object)'> (0x00000000d7425598) 
thrown [s\open\src\hotspot\share\interpreter\linkResolver.cpp, line 804]
Event: 2276.390 Thread 0x000002173e66ad60 Exception <a 'java/lang/NoSuchMethodError'{0x00000000d742d8e0}: 'java.lang.Object java.lang.invoke.Invokers$Holder.linkToCallSite(java.lang.Object, java.lang.Object, int, java.lang.Object)'> (0x00000000d742d8e0) 
thrown [s\open\src\hotspot\share\interpreter\linkResolver.cpp, line 804]
Event: 2276.390 Thread 0x000002173e66ad60 Exception <a 'java/lang/NoSuchMethodError'{0x00000000d7431b88}: 'java.lang.Object java.lang.invoke.Invokers$Holder.linkToCallSite(java.lang.Object, java.lang.Object, long, java.lang.Object)'> (0x00000000d7431b88) 
thrown [s\open\src\hotspot\share\interpreter\linkResolver.cpp, line 804]
Event: 2276.398 Thread 0x000002173e66ad60 Exception <a 'java/lang/NoSuchMethodError'{0x00000000d570ef50}: 'java.lang.Object java.lang.invoke.DirectMethodHandle$Holder.invokeStatic(java.lang.Object, java.lang.Object, java.lang.Object, float)'> (0x00000000d570ef50) 
thrown [s\open\src\hotspot\share\interpreter\linkResolver.cpp, line 804]

VM Operations (20 events):
Event: 2275.326 Executing non-safepoint VM operation: HandshakeAllThreads (Deoptimize) done
Event: 2276.038 Executing safepoint VM operation: ParallelCollectForAllocation (Allocation Failure)
Event: 2276.040 Executing safepoint VM operation: ParallelCollectForAllocation (Allocation Failure) done
Event: 2276.112 Executing non-safepoint VM operation: HandshakeAllThreads (Deoptimize)
Event: 2276.112 Executing non-safepoint VM operation: HandshakeAllThreads (Deoptimize) done
Event: 2276.187 Executing non-safepoint VM operation: HandshakeAllThreads (Deoptimize)
Event: 2276.187 Executing non-safepoint VM operation: HandshakeAllThreads (Deoptimize) done
Event: 2276.196 Executing non-safepoint VM operation: HandshakeAllThreads (Deoptimize)
Event: 2276.196 Executing non-safepoint VM operation: HandshakeAllThreads (Deoptimize) done
Event: 2276.204 Executing non-safepoint VM operation: HandshakeAllThreads (Deoptimize)
Event: 2276.205 Executing non-safepoint VM operation: HandshakeAllThreads (Deoptimize) done
Event: 2276.210 Executing non-safepoint VM operation: HandshakeAllThreads (Deoptimize)
Event: 2276.210 Executing non-safepoint VM operation: HandshakeAllThreads (Deoptimize) done
Event: 2276.214 Executing non-safepoint VM operation: HandshakeAllThreads (Deoptimize)
Event: 2276.214 Executing non-safepoint VM operation: HandshakeAllThreads (Deoptimize) done
Event: 2276.226 Executing non-safepoint VM operation: HandshakeAllThreads (Deoptimize)
Event: 2276.226 Executing non-safepoint VM operation: HandshakeAllThreads (Deoptimize) done
Event: 2276.391 Executing safepoint VM operation: ParallelCollectForAllocation (Allocation Failure)
Event: 2276.394 Executing safepoint VM operation: ParallelCollectForAllocation (Allocation Failure) done
Event: 2276.409 Executing safepoint VM operation: PopulateDumpSharedSpace

Memory protections (0 events):
No events

Nmethod flushes (20 events):
Event: 2003.807 Thread 0x0000021758275390 flushing  nmethod 0x0000021749113c08
Event: 2003.807 Thread 0x0000021758275390 flushing  nmethod 0x000002174911c188
Event: 2003.807 Thread 0x0000021758275390 flushing  nmethod 0x000002174911c908
Event: 2003.807 Thread 0x0000021758275390 flushing  nmethod 0x0000021749124c08
Event: 2003.807 Thread 0x0000021758275390 flushing  nmethod 0x0000021749136088
Event: 2003.807 Thread 0x0000021758275390 flushing  nmethod 0x0000021749137d08
Event: 2003.807 Thread 0x0000021758275390 flushing  nmethod 0x000002174919ab08
Event: 2003.807 Thread 0x0000021758275390 flushing  nmethod 0x00000217491ab208
Event: 2003.807 Thread 0x0000021758275390 flushing osr nmethod 0x00000217491b4408
Event: 2003.807 Thread 0x0000021758275390 flushing  nmethod 0x00000217491f4a08
Event: 2003.807 Thread 0x0000021758275390 flushing  nmethod 0x00000217491f6a08
Event: 2003.807 Thread 0x0000021758275390 flushing  nmethod 0x00000217491f9888
Event: 2003.807 Thread 0x0000021758275390 flushing  nmethod 0x00000217491f9f88
Event: 2003.807 Thread 0x0000021758275390 flushing  nmethod 0x00000217491fcd88
Event: 2003.807 Thread 0x0000021758275390 flushing  nmethod 0x0000021749204c88
Event: 2003.807 Thread 0x0000021758275390 flushing  nmethod 0x0000021749205388
Event: 2003.807 Thread 0x0000021758275390 flushing  nmethod 0x0000021749205888
Event: 2003.807 Thread 0x0000021758275390 flushing  nmethod 0x0000021749205d88
Event: 2003.807 Thread 0x0000021758275390 flushing  nmethod 0x000002174923a288
Event: 2003.807 Thread 0x0000021758275390 flushing  nmethod 0x0000021749249508

Events (20 events):
Event: 2276.031 Thread 0x000002175e79d7e0 Thread exited: 0x000002175e79d7e0
Event: 2276.032 Thread 0x000002175e8c9180 Thread exited: 0x000002175e8c9180
Event: 2276.032 Thread 0x0000021763024dd0 Thread exited: 0x0000021763024dd0
Event: 2276.113 Thread 0x0000021758298bf0 Thread added: 0x00000217626db130
Event: 2276.155 Thread 0x0000021760887590 Thread exited: 0x0000021760887590
Event: 2276.155 Thread 0x000002176e6ac050 Thread exited: 0x000002176e6ac050
Event: 2276.155 Thread 0x000002175f5c74a0 Thread exited: 0x000002175f5c74a0
Event: 2276.155 Thread 0x000002175f4402e0 Thread exited: 0x000002175f4402e0
Event: 2276.162 Thread 0x000002175f347f40 Thread exited: 0x000002175f347f40
Event: 2276.165 Thread 0x000002175f445d90 Thread exited: 0x000002175f445d90
Event: 2276.166 Thread 0x000002175f078570 Thread exited: 0x000002175f078570
Event: 2276.167 Thread 0x000002175f2bcfa0 Thread exited: 0x000002175f2bcfa0
Event: 2276.168 Thread 0x000002175f04bcb0 Thread exited: 0x000002175f04bcb0
Event: 2276.170 Thread 0x0000021760888530 Thread exited: 0x0000021760888530
Event: 2276.171 Thread 0x000002173e66ad60 Thread added: 0x0000021760887d60
Event: 2276.171 Thread 0x0000021760887d60 Thread exited: 0x0000021760887d60
Event: 2276.172 Thread 0x000002173e66ad60 Before exit entered
Event: 2276.274 Thread 0x00000217626db130 Thread exited: 0x00000217626db130
Event: 2276.318 Thread 0x0000021758298bf0 Thread added: 0x00000217626db130
Event: 2276.355 Thread 0x0000021758298bf0 Thread added: 0x00000217626d9900


Dynamic libraries:
0x00007ff76abb0000 - 0x00007ff76abc0000 	D:\JavaJdk\jdk-25LTS\bin\java.exe
0x00007ffb624a0000 - 0x00007ffb62708000 	C:\WINDOWS\SYSTEM32\ntdll.dll
0x00007ffb60c80000 - 0x00007ffb60d49000 	C:\WINDOWS\System32\KERNEL32.DLL
0x00007ffb5fb40000 - 0x00007ffb5ff32000 	C:\WINDOWS\System32\KERNELBASE.dll
0x00007ffb5ff40000 - 0x00007ffb6008b000 	C:\WINDOWS\System32\ucrtbase.dll
0x00007ffb3d610000 - 0x00007ffb3d62e000 	D:\JavaJdk\jdk-25LTS\bin\VCRUNTIME140.dll
0x00007ffb3bd10000 - 0x00007ffb3bd27000 	D:\JavaJdk\jdk-25LTS\bin\jli.dll
0x00007ffb60270000 - 0x00007ffb60435000 	C:\WINDOWS\System32\USER32.dll
0x00007ffb5f6f0000 - 0x00007ffb5f717000 	C:\WINDOWS\System32\win32u.dll
0x00007ffb62430000 - 0x00007ffb6245b000 	C:\WINDOWS\System32\GDI32.dll
0x00007ffb49800000 - 0x00007ffb49a93000 	C:\WINDOWS\WinSxS\amd64_microsoft.windows.common-controls_6595b64144ccf1df_6.0.26100.6725_none_3e085828e334708b\COMCTL32.dll
0x00007ffb5f890000 - 0x00007ffb5f9bd000 	C:\WINDOWS\System32\gdi32full.dll
0x00007ffb615d0000 - 0x00007ffb61679000 	C:\WINDOWS\System32\msvcrt.dll
0x00007ffb60120000 - 0x00007ffb601c3000 	C:\WINDOWS\System32\msvcp_win.dll
0x00007ffb61b80000 - 0x00007ffb61baf000 	C:\WINDOWS\System32\IMM32.DLL
0x00007ffb1e6f0000 - 0x00007ffb1e7e2000 	D:\UI\Windhawk\Engine\1.6.1\64\windhawk.dll
0x00007ffb61c20000 - 0x00007ffb61cd4000 	C:\WINDOWS\System32\ADVAPI32.dll
0x00007ffb609e0000 - 0x00007ffb60a86000 	C:\WINDOWS\System32\sechost.dll
0x00007ffb60d50000 - 0x00007ffb60e68000 	C:\WINDOWS\System32\RPCRT4.dll
0x00007ffb5a290000 - 0x00007ffb5a29c000 	D:\JavaJdk\jdk-25LTS\bin\vcruntime140_1.dll
0x00007ffb1b5a0000 - 0x00007ffb1b62d000 	D:\JavaJdk\jdk-25LTS\bin\msvcp140.dll
0x00007ffad8f60000 - 0x00007ffad9dbf000 	D:\JavaJdk\jdk-25LTS\bin\server\jvm.dll
0x00007ffb60440000 - 0x00007ffb604b4000 	C:\WINDOWS\System32\WS2_32.dll
0x00007ffb5f2f0000 - 0x00007ffb5f34e000 	C:\WINDOWS\SYSTEM32\POWRPROF.dll
0x00007ffb582a0000 - 0x00007ffb582ab000 	C:\WINDOWS\SYSTEM32\VERSION.dll
0x00007ffb58260000 - 0x00007ffb58295000 	C:\WINDOWS\SYSTEM32\WINMM.dll
0x00007ffb5f210000 - 0x00007ffb5f224000 	C:\WINDOWS\SYSTEM32\UMPDC.dll
0x00007ffb5e400000 - 0x00007ffb5e41b000 	C:\WINDOWS\SYSTEM32\kernel.appcore.dll
0x00007ffb545e0000 - 0x00007ffb545ea000 	D:\JavaJdk\jdk-25LTS\bin\jimage.dll
0x00007ffb5ce40000 - 0x00007ffb5d082000 	C:\WINDOWS\SYSTEM32\DBGHELP.DLL
0x00007ffb60540000 - 0x00007ffb608bb000 	C:\WINDOWS\System32\combase.dll
0x00007ffb60e80000 - 0x00007ffb60f57000 	C:\WINDOWS\System32\OLEAUT32.dll
0x00007ffb4bb00000 - 0x00007ffb4bb3c000 	C:\WINDOWS\SYSTEM32\dbgcore.DLL
0x00007ffb601d0000 - 0x00007ffb60268000 	C:\WINDOWS\System32\bcryptPrimitives.dll
0x00007ffb54420000 - 0x00007ffb54430000 	D:\JavaJdk\jdk-25LTS\bin\instrument.dll
0x00007ffb3b3e0000 - 0x00007ffb3b3ff000 	D:\JavaJdk\jdk-25LTS\bin\java.dll
0x00007ffb60fc0000 - 0x00007ffb61158000 	C:\WINDOWS\System32\ole32.dll
0x00007ffb61ce0000 - 0x00007ffb6242c000 	C:\WINDOWS\System32\SHELL32.dll
0x00007ffb5f720000 - 0x00007ffb5f88b000 	C:\WINDOWS\System32\wintypes.dll
0x00007ffb3af40000 - 0x00007ffb3af57000 	D:\JavaJdk\jdk-25LTS\bin\zip.dll
0x00007ffb5d270000 - 0x00007ffb5dacd000 	C:\WINDOWS\SYSTEM32\windows.storage.dll
0x00007ffb60a90000 - 0x00007ffb60b82000 	C:\WINDOWS\System32\SHCORE.dll
0x00007ffb61680000 - 0x00007ffb616e2000 	C:\WINDOWS\System32\shlwapi.dll
0x00007ffb5f550000 - 0x00007ffb5f579000 	C:\WINDOWS\SYSTEM32\profapi.dll
0x00007ffb3add0000 - 0x00007ffb3ade2000 	D:\JavaJdk\jdk-25LTS\bin\net.dll
0x00007ffb5e970000 - 0x00007ffb5e9db000 	C:\WINDOWS\system32\mswsock.dll
0x00007ffb3aab0000 - 0x00007ffb3aac6000 	D:\JavaJdk\jdk-25LTS\bin\nio.dll
0x00007ffb4c9d0000 - 0x00007ffb4c9e0000 	D:\JavaJdk\jdk-25LTS\bin\verify.dll
0x00007ffb1fe70000 - 0x00007ffb1feb4000 	C:\Users\sujit\AppData\Roaming\Code - Insiders\User\globalStorage\redhat.java\1.47.2025101715\config_win\org.eclipse.equinox.launcher\org.eclipse.equinox.launcher.win32.win32.x86_64_1.2.1400.v20250801-0854\eclipse_11916.dll
0x00007ffb5ec20000 - 0x00007ffb5ec3b000 	C:\WINDOWS\SYSTEM32\CRYPTSP.dll
0x00007ffb5e360000 - 0x00007ffb5e39b000 	C:\WINDOWS\system32\rsaenh.dll
0x00007ffb5ea10000 - 0x00007ffb5ea3b000 	C:\WINDOWS\SYSTEM32\USERENV.dll
0x00007ffb5f520000 - 0x00007ffb5f546000 	C:\WINDOWS\SYSTEM32\bcrypt.dll
0x00007ffb5ec40000 - 0x00007ffb5ec4c000 	C:\WINDOWS\SYSTEM32\CRYPTBASE.dll
0x00007ffb5df40000 - 0x00007ffb5df74000 	C:\WINDOWS\SYSTEM32\IPHLPAPI.DLL
0x00007ffb61280000 - 0x00007ffb6128a000 	C:\WINDOWS\System32\NSI.dll
0x00007ffb392e0000 - 0x00007ffb39329000 	C:\Users\sujit\AppData\Local\Temp\jna-109795699\jna14836259070684652750.dll
0x00007ffb60e70000 - 0x00007ffb60e78000 	C:\WINDOWS\System32\PSAPI.DLL
0x00007ffb54c10000 - 0x00007ffb54d2f000 	C:\WINDOWS\SYSTEM32\winhttp.dll
0x00007ffb55b70000 - 0x00007ffb55b8e000 	C:\WINDOWS\SYSTEM32\dhcpcsvc6.DLL
0x00007ffb55b00000 - 0x00007ffb55b23000 	C:\WINDOWS\SYSTEM32\dhcpcsvc.DLL
0x00007ffb5e520000 - 0x00007ffb5e556000 	C:\WINDOWS\SYSTEM32\ntmarta.dll
0x00007ffb54440000 - 0x00007ffb54449000 	D:\JavaJdk\jdk-25LTS\bin\extnet.dll
0x00007ffb5a2d0000 - 0x00007ffb5a2de000 	D:\JavaJdk\jdk-25LTS\bin\sunmscapi.dll
0x00007ffb5eeb0000 - 0x00007ffb5eee0000 	C:\WINDOWS\SYSTEM32\ncrypt.dll
0x00000217623f0000 - 0x0000021762567000 	C:\WINDOWS\System32\CRYPT32.dll
0x00007ffb5ee60000 - 0x00007ffb5ee9f000 	C:\WINDOWS\SYSTEM32\NTASN1.dll
0x00007ffb5df80000 - 0x00007ffb5e0a6000 	C:\WINDOWS\SYSTEM32\DNSAPI.dll
0x00007ffb54d80000 - 0x00007ffb54d8b000 	C:\Windows\System32\rasadhlp.dll
0x00007ffb580e0000 - 0x00007ffb58166000 	C:\WINDOWS\System32\fwpuclnt.dll

JVMTI agents:
c:\Users\sujit\.vscode-insiders\extensions\redhat.java-1.47.2025101715-win32-x64\lombok\lombok-1.18.39-4050.jar path:D:\JavaJdk\jdk-25LTS\bin\instrument.dll, loaded, initialized, instrumentlib options:none

dbghelp: loaded successfully - version: 4.0.5 - missing functions: none
symbol engine: initialized successfully - sym options: 0x614 - pdb path: .;D:\JavaJdk\jdk-25LTS\bin;C:\WINDOWS\SYSTEM32;C:\WINDOWS\WinSxS\amd64_microsoft.windows.common-controls_6595b64144ccf1df_6.0.26100.6725_none_3e085828e334708b;D:\UI\Windhawk\Engine\1.6.1\64;D:\JavaJdk\jdk-25LTS\bin\server;C:\Users\sujit\AppData\Roaming\Code - Insiders\User\globalStorage\redhat.java\1.47.2025101715\config_win\org.eclipse.equinox.launcher\org.eclipse.equinox.launcher.win32.win32.x86_64_1.2.1400.v20250801-0854;C:\Users\sujit\AppData\Local\Temp\jna-109795699

VM Arguments:
jvm_args: -Djdk.xml.maxGeneralEntitySizeLimit=0 -Djdk.xml.totalEntitySizeLimit=0 --add-modules=ALL-SYSTEM --add-opens=java.base/java.util=ALL-UNNAMED --add-opens=java.base/java.lang=ALL-UNNAMED --add-opens=java.base/sun.nio.fs=ALL-UNNAMED -Declipse.application=org.eclipse.jdt.ls.core.id1 -Dosgi.bundles.defaultStartLevel=4 -Declipse.product=org.eclipse.jdt.ls.core.product -Djava.import.generatesMetadataFilesAtProjectRoot=false -DDetectVMInstallationsJob.disabled=true -Dfile.encoding=utf8 -XX:+UseParallelGC -XX:GCTimeRatio=4 -XX:AdaptiveSizePolicyWeight=90 -Dsun.zip.disableMemoryMapping=true -Xmx2G -Xms100m -Xlog:disable -javaagent:c:\Users\sujit\.vscode-insiders\extensions\redhat.java-1.47.2025101715-win32-x64\lombok\lombok-1.18.39-4050.jar -XX:+HeapDumpOnOutOfMemoryError -XX:HeapDumpPath=c:\Users\sujit\AppData\Roaming\Code - Insiders\User\workspaceStorage\24029b93e4c83ad963612c47dfed94d7\redhat.java -Daether.dependencyCollector.impl=bf -Djdt.core.sharedIndexLocation=C:\Users\sujit\AppData\Roaming\.jdt\index -XX:+UnlockDiagnosticVMOptions -XX:+AllowArchivingWithJavaAgent -XX:+AutoCreateSharedArchive -XX:SharedArchiveFile=c:\Users\sujit\AppData\Roaming\Code - Insiders\User\globalStorage\redhat.java\1.47.2025101715\jdtls.jsa 
java_command: c:\Users\sujit\.vscode-insiders\extensions\redhat.java-1.47.2025101715-win32-x64\server\plugins\org.eclipse.equinox.launcher_1.7.100.v20251014-1222.jar -configuration c:\Users\sujit\AppData\Roaming\Code - Insiders\User\globalStorage\redhat.java\1.47.2025101715\config_win -data c:\Users\sujit\AppData\Roaming\Code - Insiders\User\workspaceStorage\24029b93e4c83ad963612c47dfed94d7\redhat.java\jdt_ws --pipe=\\.\pipe\lsp-3f7bb4e849395ff0c5fd2e98061d8f7f-sock
java_class_path (initial): c:\Users\sujit\.vscode-insiders\extensions\redhat.java-1.47.2025101715-win32-x64\server\plugins\org.eclipse.equinox.launcher_1.7.100.v20251014-1222.jar
Launcher Type: SUN_STANDARD

[Global flags]
     bool AOTInvokeDynamicLinking                  = false                                  {diagnostic} {ergonomic}
     bool AOTRecordTraining                        = false                                  {diagnostic} {ergonomic}
     bool AOTReplayTraining                        = false                                  {diagnostic} {ergonomic}
     uint AdaptiveSizePolicyWeight                 = 90                                        {product} {command line}
     bool AllowArchivingWithJavaAgent              = true                                   {diagnostic} {command line}
    ccstr ArchiveClassesAtExit                     = c:\Users\sujit\AppData\Roaming\Code - Insiders\User\globalStorage\redhat.java\1.47.2025101715\jdtls.jsa            {product} {ergonomic}
     bool AutoCreateSharedArchive                  = true                                      {product} {command line}
     intx CICompilerCount                          = 4                                         {product} {ergonomic}
     uint GCTimeRatio                              = 4                                         {product} {command line}
     bool HeapDumpOnOutOfMemoryError               = true                                   {manageable} {command line}
    ccstr HeapDumpPath                             = c:\Users\sujit\AppData\Roaming\Code - Insiders\User\workspaceStorage\24029b93e4c83ad963612c47dfed94d7\redhat.java         {manageable} {command line}
   size_t InitialHeapSize                          = 104857600                                 {product} {command line}
   size_t MaxHeapSize                              = 2147483648                                {product} {command line}
   size_t MaxNewSize                               = 715653120                                 {product} {ergonomic}
   size_t MinHeapDeltaBytes                        = 524288                                    {product} {ergonomic}
   size_t MinHeapSize                              = 104857600                                 {product} {command line}
   size_t NewSize                                  = 34603008                                  {product} {ergonomic}
    uintx NonNMethodCodeHeapSize                   = 5832704                                {pd product} {ergonomic}
    uintx NonProfiledCodeHeapSize                  = 122945536                              {pd product} {ergonomic}
    uintx ProfiledCodeHeapSize                     = 122880000                              {pd product} {ergonomic}
    uintx ReservedCodeCacheSize                    = 251658240                              {pd product} {ergonomic}
     bool SegmentedCodeCache                       = true                                      {product} {ergonomic}
    ccstr SharedArchiveFile                        =                                           {product} {command line, ergonomic}
   size_t SoftMaxHeapSize                          = 2147483648                             {manageable} {ergonomic}
     bool UnlockDiagnosticVMOptions                = true                                   {diagnostic} {command line}
     bool UseCompressedOops                        = true                           {product lp64_product} {ergonomic}
     bool UseLargePagesIndividualAllocation        = false                                  {pd product} {ergonomic}
     bool UseParallelGC                            = true                                      {product} {command line}
      int X86ICacheSync                            = 3                                 {ARCH diagnostic} {ergonomic}

Logging:
Log output configuration:
 #0: stdout all=off uptime,level,tags foldmultilines=false
 #1: stderr all=off uptime,level,tags foldmultilines=false

Release file:
IMPLEMENTOR="Oracle Corporation" 
JAVA_RUNTIME_VERSION="25+37-LTS-3491" 
JAVA_VERSION="25" 
JAVA_VERSION_DATE="2025-09-16" 
LIBC="default" 
MODULES="java.base java.compiler java.datatransfer java.xml java.prefs java.desktop java.instrument java.logging java.management java.security.sasl java.naming java.rmi java.management.rmi java.net.http java.scripting java.security.jgss java.transaction.xa java.sql java.sql.rowset java.xml.crypto java.se java.smartcardio jdk.accessibility jdk.internal.jvmstat jdk.attach jdk.charsets jdk.internal.opt jdk.zipfs jdk.compiler jdk.crypto.cryptoki jdk.crypto.ec jdk.crypto.mscapi jdk.dynalink jdk.internal.ed jdk.editpad jdk.internal.vm.ci jdk.graal.compiler jdk.graal.compiler.management jdk.hotspot.agent jdk.httpserver jdk.incubator.vector jdk.internal.le jdk.internal.md jdk.jartool jdk.javadoc jdk.jcmd jdk.management jdk.management.agent jdk.jconsole jdk.jdeps jdk.jdwp.agent jdk.jdi jdk.jfr jdk.jlink jdk.jpackage jdk.jshell jdk.jsobject jdk.jstatd jdk.localedata jdk.management.jfr jdk.naming.dns jdk.naming.rmi jdk.net jdk.nio.mapmode jdk.sctp jdk.security.auth jdk.security.jgss jdk.unsupported jdk.unsupported.desktop jdk.xml.dom" 
OS_ARCH="x86_64" 
OS_NAME="Windows" 
SOURCE=".:git:49d6a23b8806 open:git:6c48f4ed707b" 

Environment Variables:
PATH=C:\Program Files\Common Files\Oracle\Java\javapath;C:\WINDOWS\system32;C:\WINDOWS;C:\WINDOWS\System32\Wbem;C:\WINDOWS\System32\WindowsPowerShell\v1.0\;C:\WINDOWS\System32\OpenSSH\;D:\NodeJs\;C:\Program Files\Docker\Docker\resources\bin;D:\IDES\Git\cmd;C:\Users\sujit\AppData\Local\Programs\Python\Launcher\;D:\mySQLShell\bin\;C:\Users\sujit\AppData\Local\Microsoft\WindowsApps;D:\IDES\Microsoft VS Code\bin;D:\IDES\IntelliJ IDEA Community Edition 2025.1.4.1\bin;D:\IDES\Git;D:\IDES\Git\cmd;;C:\Users\sujit\AppData\Roaming\npm;D:\IDES\Git;D:\IDES\Git\cmd;D:\JavaJdk\bin;C:\Program Files\MySQL\MySQL Server 9.4\bin;C:\Program Files\MongoDB\Server\8.2\bin;C:\Users\sujit\AppData\Local\Programs\Microsoft VS Code Insiders\bin;D:\MongoShell\
USERNAME=sujit
OS=Windows_NT
PROCESSOR_IDENTIFIER=AMD64 Family 25 Model 80 Stepping 0, AuthenticAMD
TMP=C:\Users\sujit\AppData\Local\Temp
TEMP=C:\Users\sujit\AppData\Local\Temp




Compilation memory statistics disabled.

Periodic native trim disabled

---------------  S Y S T E M  ---------------

OS:
 Windows 11 , 64 bit Build 26100 (10.0.26100.6725)
OS uptime: 0 days 2:27 hours
Hyper-V role detected

CPU: total 12 (initial active 12) (12 cores per cpu, 2 threads per core) family 25 model 80 stepping 0 microcode 0xa500014, cx8, cmov, fxsr, ht, mmx, 3dnowpref, sse, sse2, sse3, ssse3, sse4a, sse4.1, sse4.2, popcnt, lzcnt, tsc, tscinvbit, avx, avx2, aes, erms, clmul, bmi1, bmi2, adx, sha, fma, vzeroupper, clflush, clflushopt, clwb, hv, rdtscp, rdpid, fsrm, f16c, cet_ss
Processor Information for processor 0
  Max Mhz: 2301, Current Mhz: 1798, Mhz Limit: 2301
Processor Information for processor 1
  Max Mhz: 2301, Current Mhz: 1798, Mhz Limit: 2301
Processor Information for processor 2
  Max Mhz: 2301, Current Mhz: 1798, Mhz Limit: 2301
Processor Information for processor 3
  Max Mhz: 2301, Current Mhz: 1798, Mhz Limit: 2301
Processor Information for processor 4
  Max Mhz: 2301, Current Mhz: 1798, Mhz Limit: 2301
Processor Information for processor 5
  Max Mhz: 2301, Current Mhz: 1798, Mhz Limit: 2301
Processor Information for processor 6
  Max Mhz: 2301, Current Mhz: 1798, Mhz Limit: 2301
Processor Information for processor 7
  Max Mhz: 2301, Current Mhz: 1904, Mhz Limit: 2301
Processor Information for processor 8
  Max Mhz: 2301, Current Mhz: 1904, Mhz Limit: 2301
Processor Information for processor 9
  Max Mhz: 2301, Current Mhz: 1798, Mhz Limit: 2301
Processor Information for processor 10
  Max Mhz: 2301, Current Mhz: 1798, Mhz Limit: 2301
Processor Information for processor 11
  Max Mhz: 2301, Current Mhz: 1904, Mhz Limit: 2301

Memory: 4k page, system-wide physical 15712M (8007M free)
TotalPageFile size 31584M (AvailPageFile size 22782M)
current process WorkingSet (physical memory assigned to process): 1174M, peak: 1174M
current process commit charge ("private bytes"): 1232M, peak: 1232M

vm_info: Java HotSpot(TM) 64-Bit Server VM (25+37-LTS-3491) for windows-amd64 JRE (25+37-LTS-3491), built on 2025-08-14T21:13:00Z with unknown MS VC++:1943

END.
