#
# A fatal error has been detected by the Java Runtime Environment:
#
#  EXCEPTION_ACCESS_VIOLATION (0xc0000005) at pc=0x00007ffd2e46b804, pid=16532, tid=16808
#
# JRE version: Java(TM) SE Runtime Environment (25.0+37) (build 25+37-LTS-3491)
# Java VM: Java HotSpot(TM) 64-Bit Server VM (25+37-LTS-3491, mixed mode, sharing, tiered, compressed oops, compressed class ptrs, parallel gc, windows-amd64)
# Problematic frame:
# V  [jvm.dll+0x45b804]
#
# No core dump will be written. Minidumps are not enabled by default on client versions of Windows
#
# If you would like to submit a bug report, please visit:
#   https://bugreport.java.com/bugreport/crash.jsp
#

---------------  S U M M A R Y ------------

Command Line: -Djdk.xml.maxGeneralEntitySizeLimit=0 -Djdk.xml.totalEntitySizeLimit=0 --add-modules=ALL-SYSTEM --add-opens=java.base/java.util=ALL-UNNAMED --add-opens=java.base/java.lang=ALL-UNNAMED --add-opens=java.base/sun.nio.fs=ALL-UNNAMED -Declipse.application=org.eclipse.jdt.ls.core.id1 -Dosgi.bundles.defaultStartLevel=4 -Declipse.product=org.eclipse.jdt.ls.core.product -Djava.import.generatesMetadataFilesAtProjectRoot=false -DDetectVMInstallationsJob.disabled=true -Dfile.encoding=utf8 -XX:+UseParallelGC -XX:GCTimeRatio=4 -XX:AdaptiveSizePolicyWeight=90 -Dsun.zip.disableMemoryMapping=true -Xmx2G -Xms100m -Xlog:disable -javaagent:c:\Users\sujit\.vscode-insiders\extensions\redhat.java-1.47.2025102508-win32-x64\lombok\lombok-1.18.39-4050.jar -XX:+HeapDumpOnOutOfMemoryError -XX:HeapDumpPath=c:\Users\sujit\AppData\Roaming\Code - Insiders\User\workspaceStorage\24029b93e4c83ad963612c47dfed94d7\redhat.java -Daether.dependencyCollector.impl=bf -Djdt.core.sharedIndexLocation=C:\Users\sujit\AppData\Roaming\.jdt\index -XX:+UnlockDiagnosticVMOptions -XX:+AllowArchivingWithJavaAgent -XX:+AutoCreateSharedArchive -XX:SharedArchiveFile=c:\Users\sujit\AppData\Roaming\Code - Insiders\User\globalStorage\redhat.java\1.47.2025102508\jdtls.jsa c:\Users\sujit\.vscode-insiders\extensions\redhat.java-1.47.2025102508-win32-x64\server\plugins\org.eclipse.equinox.launcher_1.7.100.v20251014-1222.jar -configuration c:\Users\sujit\AppData\Roaming\Code - Insiders\User\globalStorage\redhat.java\1.47.2025102508\config_win -data c:\Users\sujit\AppData\Roaming\Code - Insiders\User\workspaceStorage\24029b93e4c83ad963612c47dfed94d7\redhat.java\jdt_ws --pipe=\\.\pipe\lsp-4d6054289fdc004bb2463733e9059e4c-sock

Host: AMD Ryzen 5 5625U with Radeon Graphics         , 12 cores, 15G,  Windows 11 , 64 bit Build 26100 (10.0.26100.6725)
Time: Sun Oct 26 10:51:09 2025 India Standard Time elapsed time: 4206.175526 seconds (0d 1h 10m 6s)

---------------  T H R E A D  ---------------

Current thread (0x000002060981d450):  VMThread "VM Thread"          [id=16808, stack(0x000000cbb2600000,0x000000cbb2700000) (1024K)]

Stack: [0x000000cbb2600000,0x000000cbb2700000],  sp=0x000000cbb26ff300,  free space=1020k
Native frames: (J=compiled Java code, j=interpreted, Vv=VM code, C=native code)
V  [jvm.dll+0x45b804]  (no source info available)
V  [jvm.dll+0x45b84f]  (no source info available)
V  [jvm.dll+0x4612b6]  (no source info available)
V  [jvm.dll+0x38668a]  (no source info available)
V  [jvm.dll+0x3855c6]  (no source info available)
V  [jvm.dll+0x385a03]  (no source info available)
V  [jvm.dll+0x96ee71]  (no source info available)
V  [jvm.dll+0x97018d]  (no source info available)
V  [jvm.dll+0x970709]  (no source info available)
V  [jvm.dll+0x9709b3]  (no source info available)
V  [jvm.dll+0x90681d]  (no source info available)
V  [jvm.dll+0x7a5015]  (no source info available)
C  [ucrtbase.dll+0x37b0]  (no source info available)
C  [KERNEL32.DLL+0x2e8d7]  (no source info available)
C  [ntdll.dll+0x8c53c]  (no source info available)


siginfo: EXCEPTION_ACCESS_VIOLATION (0xc0000005), reading address 0x00000000000000e0


Registers:
RAX=0x0000000025183901, RBX=0x0000000000000000, RCX=0x0000000000000000, RDX=0x0000000000000000
RSP=0x000000cbb26ff300, RBP=0x000000cbb26ff3e0, RSI=0x0000000000000001, RDI=0x0000020645e19d38
R8 =0x0000020607b03cc0, R9 =0x00000000000002d2, R10=0x0000020607b00000, R11=0x000000cbb26ff350
R12=0x00007ffd2eaddbc0, R13=0x00007ffd2eaeaca8, R14=0x00000206439591a0, R15=0x00007ffd2eaddae8
RIP=0x00007ffd2e46b804, EFLAGS=0x0000000000010287

XMM[0]=0x0000000000000000 0x0000000000000000
XMM[1]=0x0000020643958c40 0x0000020643958c98
XMM[2]=0x00000206433a2928 0x00000206433a2770
XMM[3]=0x00000206433a2cf0 0x00000206433a22f8
XMM[4]=0x00000206433a09e0 0x00000206433a2e50
XMM[5]=0x0000020643958b38 0x0000020643958be8
XMM[6]=0x0000000000000000 0x0000000000000000
XMM[7]=0x0000000000000000 0x0000000000000000
XMM[8]=0x0000000000000000 0x404e000000000000
XMM[9]=0x0000000000000000 0x0000000000000000
XMM[10]=0x0000000000000000 0x0000000000000000
XMM[11]=0x0000000000000000 0x0000000000000000
XMM[12]=0x0000000000000000 0x0000000000000000
XMM[13]=0x0000000000000000 0x0000000000000000
XMM[14]=0x0000000000000000 0x0000000000000000
XMM[15]=0x0000000000000000 0x0000000000000000
  MXCSR=0x00001fa0


Register to memory mapping:

RAX=0x0000000025183901 is pointing into metadata
RBX=0x0 is null
RCX=0x0 is null
RDX=0x0 is null
RSP=0x000000cbb26ff300 points into unknown readable memory: 0x0000020607c20000 | 00 00 c2 07 06 02 00 00
RBP=0x000000cbb26ff3e0 points into unknown readable memory: 0x00007ffd2eaeacb8 | b8 ac ae 2e fd 7f 00 00
RSI=0x0000000000000001 is an unknown value
RDI=0x0000020645e19d38 points into unknown readable memory: 0x0000000000000000 | 00 00 00 00 00 00 00 00
R8 =0x0000020607b03cc0 points into unknown readable memory: 0x0000020607b00d50 | 50 0d b0 07 06 02 00 00
R9 =0x00000000000002d2 is an unknown value
R10=0x0000020607b00000 points into unknown readable memory: 0x0000000000000000 | 00 00 00 00 00 00 00 00
R11=0x000000cbb26ff350 points into unknown readable memory: 0x0000020643959330 | 30 93 95 43 06 02 00 00
R12=0x00007ffd2eaddbc0 jvm.dll
R13=0x00007ffd2eaeaca8 jvm.dll
R14=0x00000206439591a0 points into unknown readable memory: 0x0000000025010080 | 80 00 01 25 00 00 00 00
R15=0x00007ffd2eaddae8 jvm.dll

Top of Stack: (sp=0x000000cbb26ff300)
0x000000cbb26ff300:   0000020607c20000 0000000000000000   ................
0x000000cbb26ff310:   00000206840d4880 00007ffd2e676bd6   .H.......kg.....
0x000000cbb26ff320:   0000020645e19d38 00007ffd2e46b84f   8..E....O.F.....
0x000000cbb26ff330:   0000000000000000 0000000000000001   ................
0x000000cbb26ff340:   00000206439591a0 000002060981d9b8   ...C............
0x000000cbb26ff350:   0000020643959330 00007ffd2e4712b6   0..C......G.....
0x000000cbb26ff360:   0000000000000000 00007ffd2eb03f40   ........@?......
0x000000cbb26ff370:   00000206439591a0 000000cbb26ff3e0   ...C......o.....
0x000000cbb26ff380:   000000000000acc8 0000000000000000   ................
0x000000cbb26ff390:   0000000000001599 000000cbb23febb0   ..........?.....
0x000000cbb26ff3a0:   00000206439591a0 00007ffd2e39668a   ...C.....f9.....
0x000000cbb26ff3b0:   0000000000000048 000002060981d9b8   H...............
0x000000cbb26ff3c0:   0000000000000000 000000000046fc1b   ..........F.....
0x000000cbb26ff3d0:   0000020643958130 00000016000001d8   0..C............
0x000000cbb26ff3e0:   00007ffd2eaeacb8 0000000000000000   ................
0x000000cbb26ff3f0:   0000000000000000 0000000000000000   ................
0x000000cbb26ff400:   00000000000003d8 0000000000000000   ................
0x000000cbb26ff410:   00000000267d2c60 000000cbb23febb0   `,}&......?.....
0x000000cbb26ff420:   0000000000013b78 00007ffd2eaa7350   x;......Ps......
0x000000cbb26ff430:   000000000000276f 00007ffd2e3955c6   o'.......U9.....
0x000000cbb26ff440:   00007ffd00001599 000000000000acc8   ................
0x000000cbb26ff450:   000002060981d9b8 00007ffd2ed88ca8   ................
0x000000cbb26ff460:   0000000000000000 0000000000000000   ................
0x000000cbb26ff470:   00000000000000c1 0000000000000000   ................
0x000000cbb26ff480:   0000000000000000 00007ffd2e98d473   ........s.......
0x000000cbb26ff490:   00007ffd2ed03890 000000cbb6ff0100   .8..............
0x000000cbb26ff4a0:   00007aa87876b016 00007ffd9c991a04   ..vx.z..........
0x000000cbb26ff4b0:   0000000000000000 00007ffd2e7b0f9f   ..........{.....
0x000000cbb26ff4c0:   000000000000002c 00007ffd2e98d343   ,.......C.......
0x000000cbb26ff4d0:   00000000000003e8 00007ffd2e919a20   ........ .......
0x000000cbb26ff4e0:   0000020609817760 0000020609817b50   `w......P{......
0x000000cbb26ff4f0:   00007ffd2edb1b30 00007ffd2eaa7350   0.......Ps......

Instructions: (pc=0x00007ffd2e46b804)
  0x00007ffd2e46b704:   7e 20 74 0c 4d 89 66 18 4d 89 7e 20 4d 89 6e 28
  0x00007ffd2e46b714:   4c 8b b4 24 08 01 00 00 4c 8b ac 24 10 01 00 00
  0x00007ffd2e46b724:   4c 8b a4 24 18 01 00 00 4c 8b bc 24 00 01 00 00
  0x00007ffd2e46b734:   48 83 7c 24 40 00 74 55 48 8b 9f b0 06 00 00 48
  0x00007ffd2e46b744:   8d 44 24 58 33 c9 48 89 45 a8 48 8d 45 99 48 89
  0x00007ffd2e46b754:   4d c8 89 4d b8 4c 8d 44 24 50 88 4d c0 48 8d 54
  0x00007ffd2e46b764:   24 40 4c 8b cf 48 89 45 b0 48 8d 4c 24 30 48 89
  0x00007ffd2e46b774:   b7 b0 06 00 00 c7 45 bc 08 00 00 00 c6 44 24 30
  0x00007ffd2e46b784:   0e e8 66 f8 01 00 48 89 9f b0 06 00 00 48 8d 4c
  0x00007ffd2e46b794:   24 40 e8 05 eb fd ff 48 8b 9c 24 50 01 00 00 48
  0x00007ffd2e46b7a4:   8b 4d f0 48 33 cc e8 61 c3 58 00 48 81 c4 20 01
  0x00007ffd2e46b7b4:   00 00 5f 5e 5d c3 cc cc cc cc cc cc 0f b7 41 0e
  0x00007ffd2e46b7c4:   66 c1 e8 09 a8 01 74 03 32 c0 c3 e9 6c 9b 20 00
  0x00007ffd2e46b7d4:   cc cc cc cc cc cc cc cc cc cc cc cc 48 89 5c 24
  0x00007ffd2e46b7e4:   08 48 89 74 24 10 57 48 83 ec 20 48 3b 0d 8a ed
  0x00007ffd2e46b7f4:   8d 00 48 8b d9 73 09 48 3b 0d 76 ed 8d 00 73 5b
=>0x00007ffd2e46b804:   48 8b 81 e0 00 00 00 66 83 78 30 32 72 5f 48 8b
  0x00007ffd2e46b814:   01 ff 50 78 48 85 c0 74 15 48 8b 03 48 8b cb ff
  0x00007ffd2e46b824:   50 78 48 8b c8 e8 b2 ff ff ff 84 c0 74 3f 48 8b
  0x00007ffd2e46b834:   bb a0 01 00 00 48 63 37 48 85 f6 7e 1e 33 db 48
  0x00007ffd2e46b844:   83 c7 08 48 8b 0f e8 91 ff ff ff 84 c0 74 1e 48
  0x00007ffd2e46b854:   ff c3 48 83 c7 08 48 3b de 7c e8 b0 01 48 8b 5c
  0x00007ffd2e46b864:   24 30 48 8b 74 24 38 48 83 c4 20 5f c3 48 8b 5c
  0x00007ffd2e46b874:   24 30 32 c0 48 8b 74 24 38 48 83 c4 20 5f c3 cc
  0x00007ffd2e46b884:   cc cc cc cc cc cc cc cc cc cc cc cc 4c 89 44 24
  0x00007ffd2e46b894:   18 53 56 57 48 83 ec 70 48 3b 15 2d 53 8e 00 49
  0x00007ffd2e46b8a4:   8b f0 48 8b fa 48 8b d9 0f 84 88 02 00 00 48 8b
  0x00007ffd2e46b8b4:   4a 08 48 85 c9 0f 84 7b 02 00 00 ff 15 5b e7 87
  0x00007ffd2e46b8c4:   00 48 85 c0 0f 84 6c 02 00 00 48 8b cf e8 8a b9
  0x00007ffd2e46b8d4:   e3 ff 84 c0 0f 85 5c 02 00 00 48 85 db 0f 84 53
  0x00007ffd2e46b8e4:   02 00 00 66 83 7b 04 05 0f 82 48 02 00 00 48 8b
  0x00007ffd2e46b8f4:   b6 a8 03 00 00 48 8b cb 0f b6 43 0a 0a 43 09 0a


Stack slot to memory mapping:

stack at sp + 0 slots: 0x0000020607c20000 points into unknown readable memory: 0x0000000000000000 | 00 00 00 00 00 00 00 00
stack at sp + 1 slots: 0x0 is null
stack at sp + 2 slots: 0x00000206840d4880 points into unknown readable memory: 0x9ecdb37553445352 | 52 53 44 53 75 b3 cd 9e
stack at sp + 3 slots: 0x00007ffd2e676bd6 jvm.dll
stack at sp + 4 slots: 0x0000020645e19d38 points into unknown readable memory: 0x0000000000000000 | 00 00 00 00 00 00 00 00
stack at sp + 5 slots: 0x00007ffd2e46b84f jvm.dll
stack at sp + 6 slots: 0x0 is null
stack at sp + 7 slots: 0x0000000000000001 is an unknown value

VM_Operation (0x000000cbb23feba0): PopulateDumpSharedSpace, mode: safepoint, requested by thread 0x000002060977b180


---------------  P R O C E S S  ---------------

Threads class SMR info:
_java_thread_list=0x0000020638bf6de0, length=44, elements={
0x000002060977b180, 0x0000020623c90f90, 0x0000020623c96590, 0x0000020623c9bcc0,
0x0000020623c9d890, 0x0000020623ca09d0, 0x0000020623ca29d0, 0x0000020623ca5770,
0x0000020623ca6e60, 0x0000020629e874f0, 0x000002062a252f10, 0x000002062aeced00,
0x000002062dd4cba0, 0x000002062dd4bc00, 0x000002062dd4db40, 0x000002062dd4c3d0,
0x000002062dd4eae0, 0x000002062dd4fa80, 0x000002062dd4e310, 0x000002062dd50250,
0x000002062dd50a20, 0x000002062dd4d370, 0x000002062dd53130, 0x000002062dd52190,
0x000002062dd511f0, 0x000002062ded1e00, 0x000002062ded5c80, 0x000002062ded6450,
0x000002062f00bee0, 0x000002062f00e5f0, 0x000002062ea19270, 0x000002062ea16390,
0x0000020638d6edf0, 0x0000020638d70d30, 0x000002062f005950, 0x000002062f00a770,
0x000002062a623190, 0x000002062a620a80, 0x000002062c4e5440, 0x000002062ed8d7d0,
0x000002062ed8fee0, 0x000002062ed91e20, 0x000002063902b130, 0x000002062f9306e0
}

Java Threads: ( => current thread )
  0x000002060977b180 JavaThread "main"                              [_thread_blocked, id=17344, stack(0x000000cbb2300000,0x000000cbb2400000) (1024K)]
  0x0000020623c90f90 JavaThread "Reference Handler"          daemon [_thread_blocked, id=17324, stack(0x000000cbb2700000,0x000000cbb2800000) (1024K)]
  0x0000020623c96590 JavaThread "Finalizer"                  daemon [_thread_blocked, id=16880, stack(0x000000cbb2800000,0x000000cbb2900000) (1024K)]
  0x0000020623c9bcc0 JavaThread "Signal Dispatcher"          daemon [_thread_blocked, id=16696, stack(0x000000cbb2900000,0x000000cbb2a00000) (1024K)]
  0x0000020623c9d890 JavaThread "Attach Listener"            daemon [_thread_blocked, id=16820, stack(0x000000cbb2a00000,0x000000cbb2b00000) (1024K)]
  0x0000020623ca09d0 JavaThread "Service Thread"             daemon [_thread_blocked, id=16816, stack(0x000000cbb2b00000,0x000000cbb2c00000) (1024K)]
  0x0000020623ca29d0 JavaThread "Monitor Deflation Thread"   daemon [_thread_blocked, id=16812, stack(0x000000cbb2c00000,0x000000cbb2d00000) (1024K)]
  0x0000020623ca5770 JavaThread "C2 CompilerThread0"         daemon [_thread_blocked, id=16832, stack(0x000000cbb2d00000,0x000000cbb2e00000) (1024K)]
  0x0000020623ca6e60 JavaThread "C1 CompilerThread0"         daemon [_thread_blocked, id=16836, stack(0x000000cbb2e00000,0x000000cbb2f00000) (1024K)]
  0x0000020629e874f0 JavaThread "Common-Cleaner"             daemon [_thread_blocked, id=9836, stack(0x000000cbb2f00000,0x000000cbb3000000) (1024K)]
  0x000002062a252f10 JavaThread "Notification Thread"        daemon [_thread_blocked, id=15404, stack(0x000000cbb3000000,0x000000cbb3100000) (1024K)]
  0x000002062aeced00 JavaThread "JNA Cleaner"                daemon [_thread_blocked, id=17224, stack(0x000000cbb4e00000,0x000000cbb4f00000) (1024K)]
  0x000002062dd4cba0 JavaThread "InnocuousThread-1"          daemon [_thread_in_native, id=16764, stack(0x000000cbb5700000,0x000000cbb5800000) (1024K)]
  0x000002062dd4bc00 JavaThread "InnocuousThread-2"          daemon [_thread_in_native, id=17144, stack(0x000000cbb5800000,0x000000cbb5900000) (1024K)]
  0x000002062dd4db40 JavaThread "InnocuousThread-3"          daemon [_thread_in_native, id=17048, stack(0x000000cbb5900000,0x000000cbb5a00000) (1024K)]
  0x000002062dd4c3d0 JavaThread "InnocuousThread-4"          daemon [_thread_in_native, id=10412, stack(0x000000cbb5a00000,0x000000cbb5b00000) (1024K)]
  0x000002062dd4eae0 JavaThread "InnocuousThread-5"          daemon [_thread_in_native, id=16680, stack(0x000000cbb5b00000,0x000000cbb5c00000) (1024K)]
  0x000002062dd4fa80 JavaThread "InnocuousThread-6"          daemon [_thread_in_native, id=17056, stack(0x000000cbb5c00000,0x000000cbb5d00000) (1024K)]
  0x000002062dd4e310 JavaThread "InnocuousThread-7"          daemon [_thread_in_native, id=17340, stack(0x000000cbb5d00000,0x000000cbb5e00000) (1024K)]
  0x000002062dd50250 JavaThread "InnocuousThread-8"          daemon [_thread_in_native, id=16896, stack(0x000000cbb5e00000,0x000000cbb5f00000) (1024K)]
  0x000002062dd50a20 JavaThread "InnocuousThread-9"          daemon [_thread_in_native, id=16824, stack(0x000000cbb5f00000,0x000000cbb6000000) (1024K)]
  0x000002062dd4d370 JavaThread "InnocuousThread-10"         daemon [_thread_in_native, id=17136, stack(0x000000cbb6000000,0x000000cbb6100000) (1024K)]
  0x000002062dd53130 JavaThread "InnocuousThread-11"         daemon [_thread_in_native, id=17024, stack(0x000000cbb6100000,0x000000cbb6200000) (1024K)]
  0x000002062dd52190 JavaThread "InnocuousThread-12"         daemon [_thread_in_native, id=6044, stack(0x000000cbb6200000,0x000000cbb6300000) (1024K)]
  0x000002062dd511f0 JavaThread "InnocuousThread-13"         daemon [_thread_in_native, id=17308, stack(0x000000cbb6300000,0x000000cbb6400000) (1024K)]
  0x000002062ded1e00 JavaThread "pool-2-thread-1"                   [_thread_blocked, id=16800, stack(0x000000cbb6400000,0x000000cbb6500000) (1024K)]
  0x000002062ded5c80 JavaThread "WorkspaceEventsHandler"            [_thread_blocked, id=16804, stack(0x000000cbb6500000,0x000000cbb6600000) (1024K)]
  0x000002062ded6450 JavaThread "pool-1-thread-1"                   [_thread_blocked, id=15416, stack(0x000000cbb6600000,0x000000cbb6700000) (1024K)]
  0x000002062f00bee0 JavaThread "Cleaner-0"                  daemon [_thread_blocked, id=5116, stack(0x000000cbb3200000,0x000000cbb3300000) (1024K)]
  0x000002062f00e5f0 JavaThread "Compiler Source File Reader" daemon [_thread_blocked, id=5472, stack(0x000000cbb4300000,0x000000cbb4400000) (1024K)]
  0x000002062ea19270 JavaThread "Compiler Source File Reader" daemon [_thread_blocked, id=12732, stack(0x000000cbb3800000,0x000000cbb3900000) (1024K)]
  0x000002062ea16390 JavaThread "Compiler Source File Reader" daemon [_thread_blocked, id=4132, stack(0x000000cbb3900000,0x000000cbb3a00000) (1024K)]
  0x0000020638d6edf0 JavaThread "Compiler Source File Reader" daemon [_thread_blocked, id=13092, stack(0x000000cbb4200000,0x000000cbb4300000) (1024K)]
  0x0000020638d70d30 JavaThread "Compiler Source File Reader" daemon [_thread_blocked, id=10700, stack(0x000000cbb3a00000,0x000000cbb3b00000) (1024K)]
  0x000002062f005950 JavaThread "Compiler Source File Reader" daemon [_thread_blocked, id=11900, stack(0x000000cbb4500000,0x000000cbb4600000) (1024K)]
  0x000002062f00a770 JavaThread "Compiler Source File Reader" daemon [_thread_blocked, id=3080, stack(0x000000cbb4d00000,0x000000cbb4e00000) (1024K)]
  0x000002062a623190 JavaThread "Compiler Source File Reader" daemon [_thread_blocked, id=8732, stack(0x000000cbb4f00000,0x000000cbb5000000) (1024K)]
  0x000002062a620a80 JavaThread "Compiler Source File Reader" daemon [_thread_blocked, id=6696, stack(0x000000cbb5000000,0x000000cbb5100000) (1024K)]
  0x000002062c4e5440 JavaThread "Compiler Source File Reader" daemon [_thread_blocked, id=10256, stack(0x000000cbb5300000,0x000000cbb5400000) (1024K)]
  0x000002062ed8d7d0 JavaThread "ForkJoinPool.commonPool-worker-42" daemon [_thread_blocked, id=14168, stack(0x000000cbb1f00000,0x000000cbb2000000) (1024K)]
  0x000002062ed8fee0 JavaThread "ForkJoinPool.commonPool-worker-43" daemon [_thread_blocked, id=5700, stack(0x000000cbb2000000,0x000000cbb2100000) (1024K)]
  0x000002062ed91e20 JavaThread "pool-4-thread-1"                   [_thread_blocked, id=16492, stack(0x000000cbb2100000,0x000000cbb2200000) (1024K)]
  0x000002063902b130 JavaThread "C2 CompilerThread1"         daemon [_thread_blocked, id=15440, stack(0x000000cbb3700000,0x000000cbb3800000) (1024K)]
  0x000002062f9306e0 JavaThread "C2 CompilerThread2"         daemon [_thread_blocked, id=17320, stack(0x000000cbb3100000,0x000000cbb3200000) (1024K)]
Total: 44

Other Threads:
=>0x000002060981d450 VMThread "VM Thread"                           [id=16808, stack(0x000000cbb2600000,0x000000cbb2700000) (1024K)]
  0x000002060979a570 WatcherThread "VM Periodic Task Thread"        [id=16708, stack(0x000000cbb2500000,0x000000cbb2600000) (1024K)]
  0x0000020609790690 WorkerThread "GC Thread#0"                     [id=16744, stack(0x000000cbb2400000,0x000000cbb2500000) (1024K)]
  0x000002062a97df00 WorkerThread "GC Thread#1"                     [id=17392, stack(0x000000cbb3300000,0x000000cbb3400000) (1024K)]
  0x000002062a868f00 WorkerThread "GC Thread#2"                     [id=16444, stack(0x000000cbb3400000,0x000000cbb3500000) (1024K)]
  0x000002062a869330 WorkerThread "GC Thread#3"                     [id=16440, stack(0x000000cbb3500000,0x000000cbb3600000) (1024K)]
  0x000002062aa50620 WorkerThread "GC Thread#4"                     [id=17000, stack(0x000000cbb3c00000,0x000000cbb3d00000) (1024K)]
  0x000002062ac92e20 WorkerThread "GC Thread#5"                     [id=308, stack(0x000000cbb4700000,0x000000cbb4800000) (1024K)]
  0x000002062afe8590 WorkerThread "GC Thread#6"                     [id=8580, stack(0x000000cbb4a00000,0x000000cbb4b00000) (1024K)]
  0x000002062afe6310 WorkerThread "GC Thread#7"                     [id=17096, stack(0x000000cbb4b00000,0x000000cbb4c00000) (1024K)]
  0x000002062afe6760 WorkerThread "GC Thread#8"                     [id=16972, stack(0x000000cbb4c00000,0x000000cbb4d00000) (1024K)]
  0x000002062afe9280 WorkerThread "GC Thread#9"                     [id=17248, stack(0x000000cbb5100000,0x000000cbb5200000) (1024K)]
Total: 12

Threads with active compile tasks:
C2 CompilerThread0  4206284 29851       4       jdk.internal.classfile.impl.SplitConstantPool::methodRefEntry (72 bytes)
C2 CompilerThread1  4206284 29849       4       java.lang.invoke.MemberName::getInvocationType (56 bytes)
C2 CompilerThread2  4206284 29660       4       java.lang.invoke.InvokerBytecodeGenerator::emitPushArgument (145 bytes)
Total: 3

VM state: at safepoint (normal execution)

VM Mutex/Monitor currently owned by a thread:  ([mutex/lock_event])
[0x00007ffd2ed88ca8] DumpTimeTable_lock - owner thread: 0x000002060981d450
[0x00007ffd2ed894a8] Threads_lock - owner thread: 0x000002060981d450
[0x00007ffd2ed89628] Heap_lock - owner thread: 0x000002060977b180

Heap address: 0x0000000080000000, size: 2048 MB, Compressed Oops mode: 32-bit

CDS archive(s) mapped at: [0x0000000025000000-0x0000000025dd0000-0x0000000025dd0000), size 14483456, SharedBaseAddress: 0x0000000025000000, ArchiveRelocationMode: 1.
Compressed class space mapped at: 0x0000000026000000-0x0000000066000000, reserved size: 1073741824
UseCompressedClassPointers 1, UseCompactObjectHeaders 0
Narrow klass pointer bits 32, Max shift 3
Narrow klass base: 0x0000000025000000, Narrow klass shift: 0
Encoding Range: [0x0000000025000000 - 0x0000000125000000), (4294967296 bytes)
Klass Range:    [0x0000000025010000 - 0x0000000066000000), (1090453504 bytes)
Klass ID Range:  [65536 - 1090519033) (1090453497)
Protection zone: [0x0000000025000000 - 0x0000000025010000), (65536 bytes)

GC Precious Log:
 CardTable entry size: 512
 CPUs: 12 total, 12 available
 Memory: 15712M
 Large Page Support: Disabled
 NUMA Support: Disabled
 Compressed Oops: Enabled (32-bit)
 Alignments: Space 512K, Generation 512K, Heap 2M
 Heap Min Capacity: 100M
 Heap Initial Capacity: 100M
 Heap Max Capacity: 2G
 Pre-touch: Disabled
 Parallel Workers: 10

Heap:
 PSYoungGen      total 31744K, used 11982K [0x00000000d5580000, 0x00000000d7680000, 0x0000000100000000)
  eden space 27648K, 40% used [0x00000000d5580000,0x00000000d608e688,0x00000000d7080000)
  from space 4096K, 16% used [0x00000000d7280000,0x00000000d7325288,0x00000000d7680000)
  to   space 2048K, 0% used [0x00000000d7080000,0x00000000d7080000,0x00000000d7280000)
 ParOldGen       total 501760K, used 399325K [0x0000000080000000, 0x000000009ea00000, 0x00000000d5580000)
  object space 501760K, 79% used [0x0000000080000000,0x00000000985f7548,0x000000009ea00000)

Card table byte_map: [0x00000206214d0000,0x00000206218d0000] _byte_map_base: 0x00000206210d0000

Marking Bits: (ParMarkBitMap*) 0x00007ffd2ed8e9c0
 Begin Bits: [0x0000020621b80000, 0x0000020623b80000)

Polling page: 0x0000020607bf0000

Metaspace:
Metaspace        used 88991K, committed 90816K, reserved 1179648K
 class space     used 7679K, committed 8512K, reserved 1048576K

Usage:
  Non-class:     79.41 MB used.
      Class:      7.50 MB used.
       Both:     86.91 MB used.

Virtual space:
  Non-class space:      128.00 MB reserved,      80.38 MB ( 63%) committed,  2 nodes.
      Class space:        1.00 GB reserved,       8.31 MB ( <1%) committed,  1 nodes.
             Both:        1.12 GB reserved,      88.69 MB (  8%) committed. 

Chunk freelists:
   Non-Class:  15.09 MB
       Class:  7.71 MB
        Both:  22.80 MB

MaxMetaspaceSize: unlimited
CompressedClassSpaceSize: 1.00 GB
Initial GC threshold: 21.00 MB
Current GC threshold: 142.19 MB
CDS: on
 - commit_granule_bytes: 65536.
 - commit_granule_words: 8192.
 - virtual_space_node_default_size: 8388608.
 - enlarge_chunks_in_place: 1.
UseCompressedClassPointers 1, UseCompactObjectHeaders 0
Narrow klass pointer bits 32, Max shift 3
Narrow klass base: 0x0000000025000000, Narrow klass shift: 0
Encoding Range: [0x0000000025000000 - 0x0000000125000000), (4294967296 bytes)
Klass Range:    [0x0000000025010000 - 0x0000000066000000), (1090453504 bytes)
Klass ID Range:  [65536 - 1090519033) (1090453497)
Protection zone: [0x0000000025000000 - 0x0000000025010000), (65536 bytes)


Internal statistics:

num_allocs_failed_limit: 9.
num_arena_births: 2072.
num_arena_deaths: 160.
num_vsnodes_births: 3.
num_vsnodes_deaths: 0.
num_space_committed: 1419.
num_space_uncommitted: 0.
num_chunks_returned_to_freelist: 170.
num_chunks_taken_from_freelist: 6381.
num_chunk_merges: 49.
num_chunk_splits: 3857.
num_chunks_enlarged: 2144.
num_inconsistent_stats: 0.

CodeHeap 'non-profiled nmethods': size=120064Kb used=21067Kb max_used=21067Kb free=98997Kb
 bounds [0x0000020619db0000, 0x000002061b250000, 0x00000206212f0000]
CodeHeap 'profiled nmethods': size=120000Kb used=48427Kb max_used=51764Kb free=71573Kb
 bounds [0x00000206122f0000, 0x0000020615580000, 0x0000020619820000]
CodeHeap 'non-nmethods': size=5696Kb used=1643Kb max_used=1674Kb free=4052Kb
 bounds [0x0000020619820000, 0x0000020619a90000, 0x0000020619db0000]
CodeCache: size=245760Kb, used=71137Kb, max_used=74505Kb, free=174622Kb
 total_blobs=25298, nmethods=24391, adapters=804, full_count=0
Compilation: enabled, stopped_count=0, restarted_count=0

Compilation events (20 events):
Event: 4204.484 Thread 0x0000020623ca6e60 nmethod 29850 0x0000020613bb2e08 code [0x0000020613bb2f00, 0x0000020613bb3280]
Event: 4204.484 Thread 0x000002063902b130 nmethod 29842 0x000002061b23fa88 code [0x000002061b23fb80, 0x000002061b240190]
Event: 4204.484 Thread 0x000002063902b130 29849       4       java.lang.invoke.MemberName::getInvocationType (56 bytes)
Event: 4204.488 Thread 0x0000020623ca6e60 29853       3       jdk.internal.classfile.impl.DirectCodeBuilder::areturn (12 bytes)
Event: 4204.488 Thread 0x0000020623ca5770 nmethod 29841 0x000002061b240508 code [0x000002061b240600, 0x000002061b240f40]
Event: 4204.488 Thread 0x0000020623ca6e60 nmethod 29853 0x0000020613bb2b08 code [0x0000020613bb2c00, 0x0000020613bb2dd8]
Event: 4204.488 Thread 0x0000020623ca6e60 29854       3       java.lang.invoke.ClassSpecializer$Factory$1$1Var::isInHeap (13 bytes)
Event: 4204.488 Thread 0x0000020623ca5770 29851       4       jdk.internal.classfile.impl.SplitConstantPool::methodRefEntry (72 bytes)
Event: 4204.488 Thread 0x0000020623ca6e60 nmethod 29854 0x0000020613bb2808 code [0x0000020613bb2900, 0x0000020613bb2a58]
Event: 4204.488 Thread 0x0000020623ca6e60 29855       3       java.lang.invoke.ClassSpecializer$Factory$1$1Var::nextIndex (18 bytes)
Event: 4204.488 Thread 0x0000020623ca6e60 nmethod 29855 0x0000020613bb2388 code [0x0000020613bb2480, 0x0000020613bb2800]
Event: 4204.488 Thread 0x0000020623ca6e60 29856       3       java.lang.invoke.ClassSpecializer$Factory$1$1Var::<init> (137 bytes)
Event: 4204.489 Thread 0x0000020623ca6e60 nmethod 29856 0x0000020613745c08 code [0x0000020613745d00, 0x0000020613747848]
Event: 4204.489 Thread 0x0000020623ca6e60 29857       3       java.lang.invoke.ClassSpecializer$Factory$1$1Var::nextSlotIndex (24 bytes)
Event: 4204.489 Thread 0x0000020623ca6e60 nmethod 29857 0x0000020613745788 code [0x0000020613745880, 0x0000020613745c00]
Event: 4204.489 Thread 0x0000020623ca6e60 29858       3       java.lang.invoke.ClassSpecializer$Factory$1$1Var::emitLoadInstruction (19 bytes)
Event: 4204.490 Thread 0x0000020623ca6e60 nmethod 29858 0x0000020613745488 code [0x0000020613745580, 0x0000020613745730]
Event: 4204.490 Thread 0x0000020623ca6e60 29859       3       jdk.internal.classfile.impl.DirectCodeBuilder::getfield (22 bytes)
Event: 4204.490 Thread 0x0000020623ca6e60 nmethod 29859 0x0000020613744e08 code [0x0000020613744f00, 0x00000206137453d0]
Event: 4204.492 Thread 0x000002062f9306e0 nmethod 29660 0x000002061b241008 code [0x000002061b241100, 0x000002061b242bb0]

GC Heap Usage History (20 events):
Event: 4116.795 {heap Before GC invocations=610 (full 5):
 PSYoungGen      total 31744K, used 31008K [0x00000000d5580000, 0x00000000d7680000, 0x0000000100000000)
  eden space 29696K, 100% used [0x00000000d5580000,0x00000000d7280000,0x00000000d7280000)
  from space 2048K, 64% used [0x00000000d7480000,0x00000000d75c8020,0x00000000d7680000)
  to   space 2048K, 0% used [0x00000000d7280000,0x00000000d7280000,0x00000000d7480000)
 ParOldGen       total 501760K, used 374580K [0x0000000080000000, 0x000000009ea00000, 0x00000000d558Event: 4116.796 {heap After GC invocations=610 (full 5):
 PSYoungGen      total 31744K, used 880K [0x00000000d5580000, 0x00000000d7680000, 0x0000000100000000)
  eden space 29696K, 0% used [0x00000000d5580000,0x00000000d5580000,0x00000000d7280000)
  from space 2048K, 42% used [0x00000000d7280000,0x00000000d735c030,0x00000000d7480000)
  to   space 1536K, 0% used [0x00000000d7500000,0x00000000d7500000,0x00000000d7680000)
 ParOldGen       total 501760K, used 374628K [0x0000000080000000, 0x000000009ea00000, 0x00000000d5580000)Event: 4117.657 {heap Before GC invocations=611 (full 5):
 PSYoungGen      total 31744K, used 30576K [0x00000000d5580000, 0x00000000d7680000, 0x0000000100000000)
  eden space 29696K, 100% used [0x00000000d5580000,0x00000000d7280000,0x00000000d7280000)
  from space 2048K, 42% used [0x00000000d7280000,0x00000000d735c030,0x00000000d7480000)
  to   space 1536K, 0% used [0x00000000d7500000,0x00000000d7500000,0x00000000d7680000)
 ParOldGen       total 501760K, used 374628K [0x0000000080000000, 0x000000009ea00000, 0x00000000d558Event: 4117.658 {heap After GC invocations=611 (full 5):
 PSYoungGen      total 32768K, used 416K [0x00000000d5580000, 0x00000000d7680000, 0x0000000100000000)
  eden space 31232K, 0% used [0x00000000d5580000,0x00000000d5580000,0x00000000d7400000)
  from space 1536K, 27% used [0x00000000d7500000,0x00000000d7568000,0x00000000d7680000)
  to   space 1024K, 0% used [0x00000000d7400000,0x00000000d7400000,0x00000000d7500000)
 ParOldGen       total 501760K, used 375249K [0x0000000080000000, 0x000000009ea00000, 0x00000000d5580000)Event: 4119.704 {heap Before GC invocations=612 (full 5):
 PSYoungGen      total 32768K, used 31648K [0x00000000d5580000, 0x00000000d7680000, 0x0000000100000000)
  eden space 31232K, 100% used [0x00000000d5580000,0x00000000d7400000,0x00000000d7400000)
  from space 1536K, 27% used [0x00000000d7500000,0x00000000d7568000,0x00000000d7680000)
  to   space 1024K, 0% used [0x00000000d7400000,0x00000000d7400000,0x00000000d7500000)
 ParOldGen       total 501760K, used 375249K [0x0000000080000000, 0x000000009ea00000, 0x00000000d558Event: 4119.705 {heap After GC invocations=612 (full 5):
 PSYoungGen      total 31744K, used 1022K [0x00000000d5580000, 0x00000000d7880000, 0x0000000100000000)
  eden space 30720K, 0% used [0x00000000d5580000,0x00000000d5580000,0x00000000d7380000)
  from space 1024K, 99% used [0x00000000d7400000,0x00000000d74ffaa0,0x00000000d7500000)
  to   space 2560K, 0% used [0x00000000d7600000,0x00000000d7600000,0x00000000d7880000)
 ParOldGen       total 501760K, used 376199K [0x0000000080000000, 0x000000009ea00000, 0x00000000d5580000Event: 4121.374 {heap Before GC invocations=613 (full 5):
 PSYoungGen      total 31744K, used 31404K [0x00000000d5580000, 0x00000000d7880000, 0x0000000100000000)
  eden space 30720K, 98% used [0x00000000d5580000,0x00000000d732b880,0x00000000d7380000)
  from space 1024K, 99% used [0x00000000d7400000,0x00000000d74ffaa0,0x00000000d7500000)
  to   space 2560K, 0% used [0x00000000d7600000,0x00000000d7600000,0x00000000d7880000)
 ParOldGen       total 501760K, used 376199K [0x0000000080000000, 0x000000009ea00000, 0x00000000d5580Event: 4121.378 {heap After GC invocations=613 (full 5):
 PSYoungGen      total 19968K, used 2553K [0x00000000d5580000, 0x00000000d9200000, 0x0000000100000000)
  eden space 17408K, 0% used [0x00000000d5580000,0x00000000d5580000,0x00000000d6680000)
  from space 2560K, 99% used [0x00000000d7600000,0x00000000d787e580,0x00000000d7880000)
  to   space 15872K, 0% used [0x00000000d6680000,0x00000000d6680000,0x00000000d7600000)
 ParOldGen       total 501760K, used 387375K [0x0000000080000000, 0x000000009ea00000, 0x00000000d558000Event: 4122.066 {heap Before GC invocations=614 (full 5):
 PSYoungGen      total 19968K, used 19961K [0x00000000d5580000, 0x00000000d9200000, 0x0000000100000000)
  eden space 17408K, 100% used [0x00000000d5580000,0x00000000d6680000,0x00000000d6680000)
  from space 2560K, 99% used [0x00000000d7600000,0x00000000d787e580,0x00000000d7880000)
  to   space 15872K, 0% used [0x00000000d6680000,0x00000000d6680000,0x00000000d7600000)
 ParOldGen       total 501760K, used 387375K [0x0000000080000000, 0x000000009ea00000, 0x00000000d55Event: 4122.069 {heap After GC invocations=614 (full 5):
 PSYoungGen      total 24064K, used 6621K [0x00000000d5580000, 0x00000000d7880000, 0x0000000100000000)
  eden space 17408K, 0% used [0x00000000d5580000,0x00000000d5580000,0x00000000d6680000)
  from space 6656K, 99% used [0x00000000d6680000,0x00000000d6cf7520,0x00000000d6d00000)
  to   space 9216K, 0% used [0x00000000d6f80000,0x00000000d6f80000,0x00000000d7880000)
 ParOldGen       total 501760K, used 389522K [0x0000000080000000, 0x000000009ea00000, 0x00000000d5580000Event: 4122.698 {heap Before GC invocations=615 (full 5):
 PSYoungGen      total 24064K, used 23450K [0x00000000d5580000, 0x00000000d7880000, 0x0000000100000000)
  eden space 17408K, 96% used [0x00000000d5580000,0x00000000d65ef340,0x00000000d6680000)
  from space 6656K, 99% used [0x00000000d6680000,0x00000000d6cf7520,0x00000000d6d00000)
  to   space 9216K, 0% used [0x00000000d6f80000,0x00000000d6f80000,0x00000000d7880000)
 ParOldGen       total 501760K, used 389522K [0x0000000080000000, 0x000000009ea00000, 0x00000000d5580Event: 4122.701 {heap After GC invocations=615 (full 5):
 PSYoungGen      total 17920K, used 9210K [0x00000000d5580000, 0x00000000d8980000, 0x0000000100000000)
  eden space 8704K, 0% used [0x00000000d5580000,0x00000000d5580000,0x00000000d5e00000)
  from space 9216K, 99% used [0x00000000d6f80000,0x00000000d787eaa0,0x00000000d7880000)
  to   space 17920K, 0% used [0x00000000d5e00000,0x00000000d5e00000,0x00000000d6f80000)
 ParOldGen       total 501760K, used 396216K [0x0000000080000000, 0x000000009ea00000, 0x00000000d5580000Event: 4122.783 {heap Before GC invocations=616 (full 5):
 PSYoungGen      total 17920K, used 17914K [0x00000000d5580000, 0x00000000d8980000, 0x0000000100000000)
  eden space 8704K, 100% used [0x00000000d5580000,0x00000000d5e00000,0x00000000d5e00000)
  from space 9216K, 99% used [0x00000000d6f80000,0x00000000d787eaa0,0x00000000d7880000)
  to   space 17920K, 0% used [0x00000000d5e00000,0x00000000d5e00000,0x00000000d6f80000)
 ParOldGen       total 501760K, used 396216K [0x0000000080000000, 0x000000009ea00000, 0x00000000d558Event: 4122.784 {heap After GC invocations=616 (full 5):
 PSYoungGen      total 26624K, used 736K [0x00000000d5580000, 0x00000000d7680000, 0x0000000100000000)
  eden space 8704K, 0% used [0x00000000d5580000,0x00000000d5580000,0x00000000d5e00000)
  from space 17920K, 4% used [0x00000000d5e00000,0x00000000d5eb8000,0x00000000d6f80000)
  to   space 6656K, 0% used [0x00000000d7000000,0x00000000d7000000,0x00000000d7680000)
 ParOldGen       total 501760K, used 396280K [0x0000000080000000, 0x000000009ea00000, 0x00000000d5580000)
Event: 4123.462 {heap Before GC invocations=617 (full 5):
 PSYoungGen      total 26624K, used 9439K [0x00000000d5580000, 0x00000000d7680000, 0x0000000100000000)
  eden space 8704K, 99% used [0x00000000d5580000,0x00000000d5dffff8,0x00000000d5e00000)
  from space 17920K, 4% used [0x00000000d5e00000,0x00000000d5eb8000,0x00000000d6f80000)
  to   space 6656K, 0% used [0x00000000d7000000,0x00000000d7000000,0x00000000d7680000)
 ParOldGen       total 501760K, used 396280K [0x0000000080000000, 0x000000009ea00000, 0x00000000d558000Event: 4123.463 {heap After GC invocations=617 (full 5):
 PSYoungGen      total 31744K, used 576K [0x00000000d5580000, 0x00000000d7680000, 0x0000000100000000)
  eden space 25088K, 0% used [0x00000000d5580000,0x00000000d5580000,0x00000000d6e00000)
  from space 6656K, 8% used [0x00000000d7000000,0x00000000d7090020,0x00000000d7680000)
  to   space 2048K, 0% used [0x00000000d6e00000,0x00000000d6e00000,0x00000000d7000000)
 ParOldGen       total 501760K, used 396392K [0x0000000080000000, 0x000000009ea00000, 0x00000000d5580000)
Event: 4203.778 {heap Before GC invocations=618 (full 5):
 PSYoungGen      total 31744K, used 25664K [0x00000000d5580000, 0x00000000d7680000, 0x0000000100000000)
  eden space 25088K, 100% used [0x00000000d5580000,0x00000000d6e00000,0x00000000d6e00000)
  from space 6656K, 8% used [0x00000000d7000000,0x00000000d7090020,0x00000000d7680000)
  to   space 2048K, 0% used [0x00000000d6e00000,0x00000000d6e00000,0x00000000d7000000)
 ParOldGen       total 501760K, used 396392K [0x0000000080000000, 0x000000009ea00000, 0x00000000d5580Event: 4203.780 {heap After GC invocations=618 (full 5):
 PSYoungGen      total 26624K, used 2045K [0x00000000d5580000, 0x00000000d7780000, 0x0000000100000000)
  eden space 24576K, 0% used [0x00000000d5580000,0x00000000d5580000,0x00000000d6d80000)
  from space 2048K, 99% used [0x00000000d6e00000,0x00000000d6fff500,0x00000000d7000000)
  to   space 5120K, 0% used [0x00000000d7280000,0x00000000d7280000,0x00000000d7780000)
 ParOldGen       total 501760K, used 398745K [0x0000000080000000, 0x000000009ea00000, 0x00000000d5580000Event: 4204.472 {heap Before GC invocations=619 (full 5):
 PSYoungGen      total 26624K, used 26608K [0x00000000d5580000, 0x00000000d7780000, 0x0000000100000000)
  eden space 24576K, 99% used [0x00000000d5580000,0x00000000d6d7cdd0,0x00000000d6d80000)
  from space 2048K, 99% used [0x00000000d6e00000,0x00000000d6fff500,0x00000000d7000000)
  to   space 5120K, 0% used [0x00000000d7280000,0x00000000d7280000,0x00000000d7780000)
 ParOldGen       total 501760K, used 398745K [0x0000000080000000, 0x000000009ea00000, 0x00000000d5580Event: 4204.473 {heap After GC invocations=619 (full 5):
 PSYoungGen      total 31744K, used 660K [0x00000000d5580000, 0x00000000d7680000, 0x0000000100000000)
  eden space 27648K, 0% used [0x00000000d5580000,0x00000000d5580000,0x00000000d7080000)
  from space 4096K, 16% used [0x00000000d7280000,0x00000000d7325288,0x00000000d7680000)
  to   space 2048K, 0% used [0x00000000d7080000,0x00000000d7080000,0x00000000d7280000)
 ParOldGen       total 501760K, used 399325K [0x0000000080000000, 0x000000009ea00000, 0x00000000d5580000)
Metaspace Usage History (20 events):
Event: 4116.795 {metaspace Before GC invocations=610 (full 5):
 Metaspace       used 87514K, committed 88896K, reserved 1179648K
  class space    used 7433K, committed 8128K, reserved 1048576K
}
Event: 4116.796 {metaspace After GC invocations=610 (full 5):
 Metaspace       used 87514K, committed 88896K, reserved 1179648K
  class space    used 7433K, committed 8128K, reserved 1048576K
}
Event: 4117.657 {metaspace Before GC invocations=611 (full 5):
 Metaspace       used 87514K, committed 88896K, reserved 1179648K
  class space    used 7433K, committed 8128K, reserved 1048576K
}
Event: 4117.658 {metaspace After GC invocations=611 (full 5):
 Metaspace       used 87514K, committed 88896K, reserved 1179648K
  class space    used 7433K, committed 8128K, reserved 1048576K
}
Event: 4119.704 {metaspace Before GC invocations=612 (full 5):
 Metaspace       used 87514K, committed 88896K, reserved 1179648K
  class space    used 7433K, committed 8128K, reserved 1048576K
}
Event: 4119.705 {metaspace After GC invocations=612 (full 5):
 Metaspace       used 87514K, committed 88896K, reserved 1179648K
  class space    used 7433K, committed 8128K, reserved 1048576K
}
Event: 4121.374 {metaspace Before GC invocations=613 (full 5):
 Metaspace       used 87514K, committed 88896K, reserved 1179648K
  class space    used 7433K, committed 8128K, reserved 1048576K
}
Event: 4121.378 {metaspace After GC invocations=613 (full 5):
 Metaspace       used 87514K, committed 88896K, reserved 1179648K
  class space    used 7433K, committed 8128K, reserved 1048576K
}
Event: 4122.066 {metaspace Before GC invocations=614 (full 5):
 Metaspace       used 87514K, committed 88896K, reserved 1179648K
  class space    used 7433K, committed 8128K, reserved 1048576K
}
Event: 4122.069 {metaspace After GC invocations=614 (full 5):
 Metaspace       used 87514K, committed 88896K, reserved 1179648K
  class space    used 7433K, committed 8128K, reserved 1048576K
}
Event: 4122.698 {metaspace Before GC invocations=615 (full 5):
 Metaspace       used 87514K, committed 88896K, reserved 1179648K
  class space    used 7433K, committed 8128K, reserved 1048576K
}
Event: 4122.701 {metaspace After GC invocations=615 (full 5):
 Metaspace       used 87514K, committed 88896K, reserved 1179648K
  class space    used 7433K, committed 8128K, reserved 1048576K
}
Event: 4122.783 {metaspace Before GC invocations=616 (full 5):
 Metaspace       used 87514K, committed 88896K, reserved 1179648K
  class space    used 7433K, committed 8128K, reserved 1048576K
}
Event: 4122.784 {metaspace After GC invocations=616 (full 5):
 Metaspace       used 87514K, committed 88896K, reserved 1179648K
  class space    used 7433K, committed 8128K, reserved 1048576K
}
Event: 4123.462 {metaspace Before GC invocations=617 (full 5):
 Metaspace       used 87518K, committed 88896K, reserved 1179648K
  class space    used 7433K, committed 8128K, reserved 1048576K
}
Event: 4123.463 {metaspace After GC invocations=617 (full 5):
 Metaspace       used 87518K, committed 88896K, reserved 1179648K
  class space    used 7433K, committed 8128K, reserved 1048576K
}
Event: 4203.778 {metaspace Before GC invocations=618 (full 5):
 Metaspace       used 87868K, committed 89280K, reserved 1179648K
  class space    used 7482K, committed 8192K, reserved 1048576K
}
Event: 4203.780 {metaspace After GC invocations=618 (full 5):
 Metaspace       used 87868K, committed 89280K, reserved 1179648K
  class space    used 7482K, committed 8192K, reserved 1048576K
}
Event: 4204.472 {metaspace Before GC invocations=619 (full 5):
 Metaspace       used 88734K, committed 90496K, reserved 1179648K
  class space    used 7656K, committed 8448K, reserved 1048576K
}
Event: 4204.473 {metaspace After GC invocations=619 (full 5):
 Metaspace       used 88734K, committed 90496K, reserved 1179648K
  class space    used 7656K, committed 8448K, reserved 1048576K
}

Dll operation events (12 events):
Event: 0.117 Loaded shared library D:\JavaJdk\jdk-25LTS\bin\java.dll
Event: 0.164 Loaded shared library D:\JavaJdk\jdk-25LTS\bin\zip.dll
Event: 0.239 Loaded shared library D:\JavaJdk\jdk-25LTS\bin\instrument.dll
Event: 0.287 Loaded shared library D:\JavaJdk\jdk-25LTS\bin\net.dll
Event: 0.326 Loaded shared library D:\JavaJdk\jdk-25LTS\bin\nio.dll
Event: 0.329 Loaded shared library D:\JavaJdk\jdk-25LTS\bin\zip.dll
Event: 0.347 Loaded shared library D:\JavaJdk\jdk-25LTS\bin\jimage.dll
Event: 0.480 Loaded shared library D:\JavaJdk\jdk-25LTS\bin\verify.dll
Event: 2.211 Loaded shared library C:\Users\sujit\AppData\Roaming\Code - Insiders\User\globalStorage\redhat.java\1.47.2025102508\config_win\org.eclipse.equinox.launcher\org.eclipse.equinox.launcher.win32.win32.x86_64_1.2.1400.v20250801-0854\eclipse_11916.dll
Event: 3.566 Loaded shared library C:\Users\sujit\AppData\Local\Temp\jna-109795699\jna9830351285002520212.dll
Event: 3647.745 Loaded shared library D:\JavaJdk\jdk-25LTS\bin\sunmscapi.dll
Event: 3647.850 Loaded shared library D:\JavaJdk\jdk-25LTS\bin\extnet.dll

Deoptimization events (20 events):
Event: 4204.362 Thread 0x000002062ed93590 Uncommon trap: trap_request=0xffffff45 fr.pc=0x000002061b1fe0e4 relative=0x0000000000000364
Event: 4204.362 Thread 0x000002062ed93590 Uncommon trap: reason=unstable_if action=reinterpret pc=0x000002061b1fe0e4 method=org.eclipse.osgi.internal.framework.BundleContextImpl.dispatchEvent(Ljava/lang/Object;Ljava/lang/Object;ILjava/lang/Object;)V @ 10 c2
Event: 4204.362 Thread 0x000002062ed93590 DEOPT PACKING pc=0x000002061b1fe0e4 sp=0x000000cbb36fed90
Event: 4204.362 Thread 0x000002062ed93590 DEOPT UNPACKING pc=0x0000020619935d02 sp=0x000000cbb36fed10 mode 2
Event: 4204.362 Thread 0x000002062ed93590 Uncommon trap: trap_request=0xfffffff4 fr.pc=0x000002061a9b78cc relative=0x0000000000004dcc
Event: 4204.362 Thread 0x000002062ed93590 Uncommon trap: reason=null_check action=make_not_entrant pc=0x000002061a9b78cc method=java.lang.invoke.MethodTypeForm.cachedLambdaForm(I)Ljava/lang/invoke/LambdaForm; @ 15 c2
Event: 4204.362 Thread 0x000002062ed93590 DEOPT PACKING pc=0x000002061a9b78cc sp=0x000000cbb36fde60
Event: 4204.362 Thread 0x000002062ed93590 DEOPT UNPACKING pc=0x0000020619935d02 sp=0x000000cbb36fdc68 mode 2
Event: 4204.444 Thread 0x000002060977b180 Uncommon trap: trap_request=0xffffff45 fr.pc=0x0000020619f8c7f4 relative=0x0000000000000074
Event: 4204.444 Thread 0x000002060977b180 Uncommon trap: reason=unstable_if action=reinterpret pc=0x0000020619f8c7f4 method=java.lang.invoke.LambdaForm$BasicType.basicType(C)Ljava/lang/invoke/LambdaForm$BasicType; @ 1 c2
Event: 4204.444 Thread 0x000002060977b180 DEOPT PACKING pc=0x0000020619f8c7f4 sp=0x000000cbb23fe060
Event: 4204.444 Thread 0x000002060977b180 DEOPT UNPACKING pc=0x0000020619935d02 sp=0x000000cbb23fdff8 mode 2
Event: 4204.444 Thread 0x000002060977b180 Uncommon trap: trap_request=0xffffff45 fr.pc=0x000002061ade43f0 relative=0x00000000000008f0
Event: 4204.444 Thread 0x000002060977b180 Uncommon trap: reason=unstable_if action=reinterpret pc=0x000002061ade43f0 method=java.lang.invoke.LambdaForm$BasicType.basicType(C)Ljava/lang/invoke/LambdaForm$BasicType; @ 1 c2
Event: 4204.444 Thread 0x000002060977b180 DEOPT PACKING pc=0x000002061ade43f0 sp=0x000000cbb23fdfb0
Event: 4204.444 Thread 0x000002060977b180 DEOPT UNPACKING pc=0x0000020619935d02 sp=0x000000cbb23fddb0 mode 2
Event: 4204.449 Thread 0x000002060977b180 Uncommon trap: trap_request=0xffffff45 fr.pc=0x000002061a849e58 relative=0x00000000000003d8
Event: 4204.449 Thread 0x000002060977b180 Uncommon trap: reason=unstable_if action=reinterpret pc=0x000002061a849e58 method=jdk.internal.classfile.impl.StackMapGenerator$Frame.pushStack(Ljava/lang/constant/ClassDesc;)Ljdk/internal/classfile/impl/StackMapGenerator$Frame; @ 61 c2
Event: 4204.449 Thread 0x000002060977b180 DEOPT PACKING pc=0x000002061a849e58 sp=0x000000cbb23fd6f0
Event: 4204.449 Thread 0x000002060977b180 DEOPT UNPACKING pc=0x0000020619935d02 sp=0x000000cbb23fd690 mode 2

Classes loaded (20 events):
Event: 4203.612 Loading class java/util/concurrent/Executors$DelegatedScheduledExecutorService
Event: 4203.612 Loading class java/util/concurrent/Executors$DelegatedScheduledExecutorService done
Event: 4203.619 Loading class java/util/concurrent/ConcurrentHashMap$EntrySpliterator
Event: 4203.619 Loading class java/util/concurrent/ConcurrentHashMap$EntrySpliterator done
Event: 4203.622 Loading class java/util/zip/Deflater
Event: 4203.623 Loading class java/util/zip/Deflater done
Event: 4203.624 Loading class java/util/zip/Deflater$DeflaterZStreamRef
Event: 4203.624 Loading class java/util/zip/Deflater$DeflaterZStreamRef done
Event: 4204.305 Loading class javax/security/auth/login/Configuration
Event: 4204.305 Loading class javax/security/auth/login/Configuration done
Event: 4204.376 Loading class java/nio/file/attribute/PosixFileAttributes
Event: 4204.376 Loading class java/nio/file/attribute/PosixFileAttributes done
Event: 4204.428 Loading class java/lang/invoke/GenerateJLIClassesHelper
Event: 4204.428 Loading class java/lang/invoke/GenerateJLIClassesHelper done
Event: 4204.428 Loading class java/lang/invoke/GenerateJLIClassesHelper$HolderClassBuilder
Event: 4204.428 Loading class java/lang/invoke/GenerateJLIClassesHelper$HolderClassBuilder done
Event: 4204.455 Loading class java/lang/invoke/BoundMethodHandle$Species_J
Event: 4204.455 Loading class java/lang/invoke/BoundMethodHandle$Species_J done
Event: 4204.485 Loading class java/lang/invoke/BoundMethodHandle$Species_F
Event: 4204.485 Loading class java/lang/invoke/BoundMethodHandle$Species_F done

Classes unloaded (20 events):
Event: 3673.294 Thread 0x000002060981d450 Unloading class 0x0000000026095000 'java/lang/invoke/LambdaForm$MH+0x0000000026095000'
Event: 3673.294 Thread 0x000002060981d450 Unloading class 0x0000000026094c00 'java/lang/invoke/LambdaForm$MH+0x0000000026094c00'
Event: 3673.294 Thread 0x000002060981d450 Unloading class 0x000000002604b800 'java/lang/invoke/LambdaForm$MH+0x000000002604b800'
Event: 3673.294 Thread 0x000002060981d450 Unloading class 0x000000002604b400 'java/lang/invoke/LambdaForm$MH+0x000000002604b400'
Event: 3673.294 Thread 0x000002060981d450 Unloading class 0x000000002604b000 'java/lang/invoke/LambdaForm$MH+0x000000002604b000'
Event: 3673.294 Thread 0x000002060981d450 Unloading class 0x000000002604ac00 'java/lang/invoke/LambdaForm$MH+0x000000002604ac00'
Event: 3673.294 Thread 0x000002060981d450 Unloading class 0x000000002604a800 'java/lang/invoke/LambdaForm$BMH+0x000000002604a800'
Event: 3673.294 Thread 0x000002060981d450 Unloading class 0x000000002604a000 'java/lang/invoke/LambdaForm$DMH+0x000000002604a000'
Event: 3673.294 Thread 0x000002060981d450 Unloading class 0x0000000026047800 'java/lang/invoke/LambdaForm$MH+0x0000000026047800'
Event: 3673.294 Thread 0x000002060981d450 Unloading class 0x0000000026047400 'java/lang/invoke/LambdaForm$MH+0x0000000026047400'
Event: 3673.294 Thread 0x000002060981d450 Unloading class 0x0000000026047000 'java/lang/invoke/LambdaForm$MH+0x0000000026047000'
Event: 3673.294 Thread 0x000002060981d450 Unloading class 0x0000000026045c00 'java/lang/invoke/LambdaForm$MH+0x0000000026045c00'
Event: 3673.294 Thread 0x000002060981d450 Unloading class 0x0000000026045800 'java/lang/invoke/LambdaForm$MH+0x0000000026045800'
Event: 3673.294 Thread 0x000002060981d450 Unloading class 0x0000000026045400 'java/lang/invoke/LambdaForm$MH+0x0000000026045400'
Event: 3673.294 Thread 0x000002060981d450 Unloading class 0x0000000026045000 'java/lang/invoke/LambdaForm$MH+0x0000000026045000'
Event: 3673.294 Thread 0x000002060981d450 Unloading class 0x0000000026044c00 'java/lang/invoke/LambdaForm$BMH+0x0000000026044c00'
Event: 3673.294 Thread 0x000002060981d450 Unloading class 0x0000000026043400 'java/lang/invoke/LambdaForm$DMH+0x0000000026043400'
Event: 3673.294 Thread 0x000002060981d450 Unloading class 0x0000000026041c00 'java/lang/invoke/LambdaForm$MH+0x0000000026041c00'
Event: 3673.294 Thread 0x000002060981d450 Unloading class 0x0000000026041800 'java/lang/invoke/LambdaForm$MH+0x0000000026041800'
Event: 3673.294 Thread 0x000002060981d450 Unloading class 0x0000000026041000 'java/lang/invoke/LambdaForm$MH+0x0000000026041000'

Classes redefined (0 events):
No events

Internal exceptions (20 events):
Event: 4204.481 Thread 0x000002060977b180 Exception <a 'java/lang/NoSuchMethodError'{0x00000000d5c31e90}: 'java.lang.Object java.lang.invoke.Invokers$Holder.invoke_MT(java.lang.Object, java.lang.Object, java.lang.Object, java.lang.Object, java.lang.Object)'> (0x00000000d5c31e90) 
thrown [s\open\src\hotspot\share\interpreter\linkResolver.cpp, line 804]
Event: 4204.481 Thread 0x000002060977b180 Exception <a 'java/lang/NoSuchMethodError'{0x00000000d5c3a878}: 'java.lang.Object java.lang.invoke.Invokers$Holder.invoke_MT(java.lang.Object, int, java.lang.Object)'> (0x00000000d5c3a878) 
thrown [s\open\src\hotspot\share\interpreter\linkResolver.cpp, line 804]
Event: 4204.481 Thread 0x000002060977b180 Exception <a 'java/lang/NoSuchMethodError'{0x00000000d5c42d08}: 'void java.lang.invoke.Invokers$Holder.invoke_MT(java.lang.Object, java.lang.Object, int, java.lang.Object)'> (0x00000000d5c42d08) 
thrown [s\open\src\hotspot\share\interpreter\linkResolver.cpp, line 804]
Event: 4204.481 Thread 0x000002060977b180 Exception <a 'java/lang/NoSuchMethodError'{0x00000000d5c4b190}: 'int java.lang.invoke.Invokers$Holder.invoke_MT(java.lang.Object, java.lang.Object)'> (0x00000000d5c4b190) 
thrown [s\open\src\hotspot\share\interpreter\linkResolver.cpp, line 804]
Event: 4204.481 Thread 0x000002060977b180 Exception <a 'java/lang/NoSuchMethodError'{0x00000000d5c53650}: 'long java.lang.invoke.Invokers$Holder.invoke_MT(java.lang.Object, java.lang.Object)'> (0x00000000d5c53650) 
thrown [s\open\src\hotspot\share\interpreter\linkResolver.cpp, line 804]
Event: 4204.481 Thread 0x000002060977b180 Exception <a 'java/lang/NoSuchMethodError'{0x00000000d5c60048}: 'java.lang.Object java.lang.invoke.Invokers$Holder.linkToCallSite(int, int, int, java.lang.Object)'> (0x00000000d5c60048) 
thrown [s\open\src\hotspot\share\interpreter\linkResolver.cpp, line 804]
Event: 4204.482 Thread 0x000002060977b180 Exception <a 'java/lang/NoSuchMethodError'{0x00000000d5c68770}: 'java.lang.Object java.lang.invoke.Invokers$Holder.linkToCallSite(int, long, java.lang.Object)'> (0x00000000d5c68770) 
thrown [s\open\src\hotspot\share\interpreter\linkResolver.cpp, line 804]
Event: 4204.482 Thread 0x000002060977b180 Exception <a 'java/lang/NoSuchMethodError'{0x00000000d5c70b58}: 'java.lang.Object java.lang.invoke.Invokers$Holder.linkToCallSite(int, java.lang.Object, java.lang.Object, java.lang.Object)'> (0x00000000d5c70b58) 
thrown [s\open\src\hotspot\share\interpreter\linkResolver.cpp, line 804]
Event: 4204.482 Thread 0x000002060977b180 Exception <a 'java/lang/NoSuchMethodError'{0x00000000d5c78ee8}: 'java.lang.Object java.lang.invoke.Invokers$Holder.linkToCallSite(int, java.lang.Object, java.lang.Object, java.lang.Object, java.lang.Object)'> (0x00000000d5c78ee8) 
thrown [s\open\src\hotspot\share\interpreter\linkResolver.cpp, line 804]
Event: 4204.482 Thread 0x000002060977b180 Exception <a 'java/lang/NoSuchMethodError'{0x00000000d5c85958}: 'java.lang.Object java.lang.invoke.Invokers$Holder.linkToCallSite(java.lang.Object, java.lang.Object, java.lang.Object, int, java.lang.Object, java.lang.Object, java.lang.Object)'> (0x00000000d5c85958) 
thrown [s\open\src\hotspot\share\interpreter\linkResolver.cpp, line 804]
Event: 4204.482 Thread 0x000002060977b180 Exception <a 'java/lang/NoSuchMethodError'{0x00000000d5c8ded8}: 'java.lang.Object java.lang.invoke.Invokers$Holder.linkToCallSite(java.lang.Object, java.lang.Object, java.lang.Object, int, java.lang.Object, java.lang.Object)'> (0x00000000d5c8ded8) 
thrown [s\open\src\hotspot\share\interpreter\linkResolver.cpp, line 804]
Event: 4204.483 Thread 0x000002060977b180 Exception <a 'java/lang/NoSuchMethodError'{0x00000000d5c9c1c8}: 'java.lang.Object java.lang.invoke.Invokers$Holder.linkToCallSite(java.lang.Object, int, java.lang.Object, java.lang.Object, java.lang.Object, java.lang.Object, java.lang.Object)'> (0x00000000d5c9c1c8) 
thrown [s\open\src\hotspot\share\interpreter\linkResolver.cpp, line 804]
Event: 4204.483 Thread 0x000002060977b180 Exception <a 'java/lang/NoSuchMethodError'{0x00000000d5ca4738}: 'java.lang.Object java.lang.invoke.Invokers$Holder.linkToCallSite(java.lang.Object, int, java.lang.Object, int, java.lang.Object, java.lang.Object)'> (0x00000000d5ca4738) 
thrown [s\open\src\hotspot\share\interpreter\linkResolver.cpp, line 804]
Event: 4204.483 Thread 0x000002060977b180 Exception <a 'java/lang/NoSuchMethodError'{0x00000000d5cacd38}: 'java.lang.Object java.lang.invoke.Invokers$Holder.linkToCallSite(java.lang.Object, int, java.lang.Object, java.lang.Object)'> (0x00000000d5cacd38) 
thrown [s\open\src\hotspot\share\interpreter\linkResolver.cpp, line 804]
Event: 4204.483 Thread 0x000002060977b180 Exception <a 'java/lang/NoSuchMethodError'{0x00000000d5cb59c0}: 'java.lang.Object java.lang.invoke.Invokers$Holder.linkToCallSite(java.lang.Object, long, java.lang.Object, java.lang.Object)'> (0x00000000d5cb59c0) 
thrown [s\open\src\hotspot\share\interpreter\linkResolver.cpp, line 804]
Event: 4204.483 Thread 0x000002060977b180 Exception <a 'java/lang/NoSuchMethodError'{0x00000000d5cbdc88}: 'java.lang.Object java.lang.invoke.Invokers$Holder.linkToCallSite(java.lang.Object, long, java.lang.Object)'> (0x00000000d5cbdc88) 
thrown [s\open\src\hotspot\share\interpreter\linkResolver.cpp, line 804]
Event: 4204.484 Thread 0x000002060977b180 Exception <a 'java/lang/NoSuchMethodError'{0x00000000d5cc5f08}: 'java.lang.Object java.lang.invoke.Invokers$Holder.linkToCallSite(java.lang.Object, java.lang.Object, int, java.lang.Object, java.lang.Object)'> (0x00000000d5cc5f08) 
thrown [s\open\src\hotspot\share\interpreter\linkResolver.cpp, line 804]
Event: 4204.484 Thread 0x000002060977b180 Exception <a 'java/lang/NoSuchMethodError'{0x00000000d5cce270}: 'java.lang.Object java.lang.invoke.Invokers$Holder.linkToCallSite(java.lang.Object, java.lang.Object, int, java.lang.Object)'> (0x00000000d5cce270) 
thrown [s\open\src\hotspot\share\interpreter\linkResolver.cpp, line 804]
Event: 4204.484 Thread 0x000002060977b180 Exception <a 'java/lang/NoSuchMethodError'{0x00000000d5cd6548}: 'java.lang.Object java.lang.invoke.Invokers$Holder.linkToCallSite(java.lang.Object, java.lang.Object, long, java.lang.Object)'> (0x00000000d5cd6548) 
thrown [s\open\src\hotspot\share\interpreter\linkResolver.cpp, line 804]
Event: 4204.487 Thread 0x000002060977b180 Exception <a 'java/lang/NoSuchMethodError'{0x00000000d5f8d8e0}: 'java.lang.Object java.lang.invoke.DirectMethodHandle$Holder.invokeStatic(java.lang.Object, java.lang.Object, java.lang.Object, float)'> (0x00000000d5f8d8e0) 
thrown [s\open\src\hotspot\share\interpreter\linkResolver.cpp, line 804]

VM Operations (20 events):
Event: 4203.780 Executing safepoint VM operation: ParallelCollectForAllocation (Allocation Failure) done
Event: 4204.338 Executing non-safepoint VM operation: HandshakeAllThreads (Deoptimize)
Event: 4204.338 Executing non-safepoint VM operation: HandshakeAllThreads (Deoptimize) done
Event: 4204.374 Executing non-safepoint VM operation: HandshakeAllThreads (Deoptimize)
Event: 4204.375 Executing non-safepoint VM operation: HandshakeAllThreads (Deoptimize) done
Event: 4204.380 Executing non-safepoint VM operation: HandshakeAllThreads (Deoptimize)
Event: 4204.380 Executing non-safepoint VM operation: HandshakeAllThreads (Deoptimize) done
Event: 4204.384 Executing non-safepoint VM operation: HandshakeAllThreads (Deoptimize)
Event: 4204.384 Executing non-safepoint VM operation: HandshakeAllThreads (Deoptimize) done
Event: 4204.387 Executing non-safepoint VM operation: HandshakeAllThreads (Deoptimize)
Event: 4204.387 Executing non-safepoint VM operation: HandshakeAllThreads (Deoptimize) done
Event: 4204.391 Executing non-safepoint VM operation: HandshakeAllThreads (Deoptimize)
Event: 4204.391 Executing non-safepoint VM operation: HandshakeAllThreads (Deoptimize) done
Event: 4204.396 Executing non-safepoint VM operation: HandshakeAllThreads (Deoptimize)
Event: 4204.396 Executing non-safepoint VM operation: HandshakeAllThreads (Deoptimize) done
Event: 4204.401 Executing non-safepoint VM operation: HandshakeAllThreads (Deoptimize)
Event: 4204.402 Executing non-safepoint VM operation: HandshakeAllThreads (Deoptimize) done
Event: 4204.472 Executing safepoint VM operation: ParallelCollectForAllocation (Allocation Failure)
Event: 4204.473 Executing safepoint VM operation: ParallelCollectForAllocation (Allocation Failure) done
Event: 4204.492 Executing safepoint VM operation: PopulateDumpSharedSpace

Memory protections (0 events):
No events

Nmethod flushes (20 events):
Event: 3673.354 Thread 0x000002060981d450 flushing  nmethod 0x000002061426c188
Event: 3673.354 Thread 0x000002060981d450 flushing  nmethod 0x0000020614275288
Event: 3673.354 Thread 0x000002060981d450 flushing  nmethod 0x000002061427c788
Event: 3673.354 Thread 0x000002060981d450 flushing  nmethod 0x0000020614287388
Event: 3673.354 Thread 0x000002060981d450 flushing  nmethod 0x000002061435c708
Event: 3673.354 Thread 0x000002060981d450 flushing  nmethod 0x000002061435f708
Event: 3673.354 Thread 0x000002060981d450 flushing  nmethod 0x0000020614360a88
Event: 3673.354 Thread 0x000002060981d450 flushing  nmethod 0x000002061436b308
Event: 3673.354 Thread 0x000002060981d450 flushing  nmethod 0x000002061436b788
Event: 3673.354 Thread 0x000002060981d450 flushing  nmethod 0x000002061436d708
Event: 3673.354 Thread 0x000002060981d450 flushing  nmethod 0x0000020614370888
Event: 3673.354 Thread 0x000002060981d450 flushing  nmethod 0x00000206143a3288
Event: 3673.354 Thread 0x000002060981d450 flushing  nmethod 0x0000020614406188
Event: 3673.354 Thread 0x000002060981d450 flushing  nmethod 0x00000206144ebc88
Event: 3673.354 Thread 0x000002060981d450 flushing  nmethod 0x0000020614505688
Event: 3673.354 Thread 0x000002060981d450 flushing  nmethod 0x0000020614532208
Event: 3673.354 Thread 0x000002060981d450 flushing  nmethod 0x000002061456d888
Event: 3673.354 Thread 0x000002060981d450 flushing  nmethod 0x000002061456f508
Event: 3673.354 Thread 0x000002060981d450 flushing  nmethod 0x00000206145c7988
Event: 3673.354 Thread 0x000002060981d450 flushing  nmethod 0x00000206145df288

Events (20 events):
Event: 4203.689 Thread 0x000002060977b180 Thread added: 0x000002062ed93590
Event: 4204.296 Thread 0x000002062b31c660 Thread exited: 0x000002062b31c660
Event: 4204.298 Thread 0x0000020623da4d70 Thread exited: 0x0000020623da4d70
Event: 4204.298 Thread 0x0000020623da0cf0 Thread exited: 0x0000020623da0cf0
Event: 4204.318 Thread 0x0000020623ca5770 Thread added: 0x000002063902b130
Event: 4204.355 Thread 0x000002062ed92dc0 Thread exited: 0x000002062ed92dc0
Event: 4204.355 Thread 0x0000020638d72c70 Thread exited: 0x0000020638d72c70
Event: 4204.355 Thread 0x000002062aec77d0 Thread exited: 0x000002062aec77d0
Event: 4204.355 Thread 0x000002062a6202b0 Thread exited: 0x000002062a6202b0
Event: 4204.358 Thread 0x000002062aec8f40 Thread exited: 0x000002062aec8f40
Event: 4204.362 Thread 0x000002062aec9ee0 Thread exited: 0x000002062aec9ee0
Event: 4204.362 Thread 0x000002062a91f390 Thread exited: 0x000002062a91f390
Event: 4204.362 Thread 0x000002062a9212d0 Thread exited: 0x000002062a9212d0
Event: 4204.362 Thread 0x000002062a6221f0 Thread exited: 0x000002062a6221f0
Event: 4204.362 Thread 0x0000020623cb9420 Thread exited: 0x0000020623cb9420
Event: 4204.365 Thread 0x000002062ed93590 Thread exited: 0x000002062ed93590
Event: 4204.365 Thread 0x000002060977b180 Thread added: 0x000002062ed93590
Event: 4204.366 Thread 0x000002062ed93590 Thread exited: 0x000002062ed93590
Event: 4204.366 Thread 0x000002060977b180 Before exit entered
Event: 4204.460 Thread 0x0000020623ca5770 Thread added: 0x000002062f9306e0


Dynamic libraries:
0x00007ff6e3ad0000 - 0x00007ff6e3ae0000 	D:\JavaJdk\jdk-25LTS\bin\java.exe
0x00007ffd9c8c0000 - 0x00007ffd9cb28000 	C:\WINDOWS\SYSTEM32\ntdll.dll
0x00007ffd9aef0000 - 0x00007ffd9afb9000 	C:\WINDOWS\System32\KERNEL32.DLL
0x00007ffd99d90000 - 0x00007ffd9a182000 	C:\WINDOWS\System32\KERNELBASE.dll
0x00007ffd9a250000 - 0x00007ffd9a39b000 	C:\WINDOWS\System32\ucrtbase.dll
0x00007ffd2ef20000 - 0x00007ffd2ef37000 	D:\JavaJdk\jdk-25LTS\bin\jli.dll
0x00007ffd2ef00000 - 0x00007ffd2ef1e000 	D:\JavaJdk\jdk-25LTS\bin\VCRUNTIME140.dll
0x00007ffd9c160000 - 0x00007ffd9c325000 	C:\WINDOWS\System32\USER32.dll
0x00007ffd9a3a0000 - 0x00007ffd9a3c7000 	C:\WINDOWS\System32\win32u.dll
0x00007ffd84460000 - 0x00007ffd846f3000 	C:\WINDOWS\WinSxS\amd64_microsoft.windows.common-controls_6595b64144ccf1df_6.0.26100.6725_none_3e085828e334708b\COMCTL32.dll
0x00007ffd9bde0000 - 0x00007ffd9be0b000 	C:\WINDOWS\System32\GDI32.dll
0x00007ffd99af0000 - 0x00007ffd99c1d000 	C:\WINDOWS\System32\gdi32full.dll
0x00007ffd9c580000 - 0x00007ffd9c629000 	C:\WINDOWS\System32\msvcrt.dll
0x00007ffd9a5e0000 - 0x00007ffd9a683000 	C:\WINDOWS\System32\msvcp_win.dll
0x00007ffd9bfe0000 - 0x00007ffd9c00f000 	C:\WINDOWS\System32\IMM32.DLL
0x00007ffd3ae30000 - 0x00007ffd3af22000 	D:\UI\Windhawk\Engine\1.6.1\64\windhawk.dll
0x00007ffd9b530000 - 0x00007ffd9b5e4000 	C:\WINDOWS\System32\ADVAPI32.dll
0x00007ffd9be10000 - 0x00007ffd9beb6000 	C:\WINDOWS\System32\sechost.dll
0x00007ffd9bec0000 - 0x00007ffd9bfd8000 	C:\WINDOWS\System32\RPCRT4.dll
0x00007ffd345c0000 - 0x00007ffd345cc000 	D:\JavaJdk\jdk-25LTS\bin\vcruntime140_1.dll
0x00007ffd2ee70000 - 0x00007ffd2eefd000 	D:\JavaJdk\jdk-25LTS\bin\msvcp140.dll
0x00007ffd2e010000 - 0x00007ffd2ee6f000 	D:\JavaJdk\jdk-25LTS\bin\server\jvm.dll
0x00007ffd9c500000 - 0x00007ffd9c574000 	C:\WINDOWS\System32\WS2_32.dll
0x00007ffd99710000 - 0x00007ffd9976e000 	C:\WINDOWS\SYSTEM32\POWRPROF.dll
0x00007ffd92670000 - 0x00007ffd9267b000 	C:\WINDOWS\SYSTEM32\VERSION.dll
0x00007ffd92630000 - 0x00007ffd92665000 	C:\WINDOWS\SYSTEM32\WINMM.dll
0x00007ffd996f0000 - 0x00007ffd99704000 	C:\WINDOWS\SYSTEM32\UMPDC.dll
0x00007ffd98820000 - 0x00007ffd9883b000 	C:\WINDOWS\SYSTEM32\kernel.appcore.dll
0x00007ffd2e000000 - 0x00007ffd2e00a000 	D:\JavaJdk\jdk-25LTS\bin\jimage.dll
0x00007ffd97260000 - 0x00007ffd974a2000 	C:\WINDOWS\SYSTEM32\DBGHELP.DLL
0x00007ffd9b5f0000 - 0x00007ffd9b96b000 	C:\WINDOWS\System32\combase.dll
0x00007ffd9bd00000 - 0x00007ffd9bdd7000 	C:\WINDOWS\System32\OLEAUT32.dll
0x00007ffd86210000 - 0x00007ffd8624c000 	C:\WINDOWS\SYSTEM32\dbgcore.DLL
0x00007ffd99a50000 - 0x00007ffd99ae8000 	C:\WINDOWS\System32\bcryptPrimitives.dll
0x00007ffd2dff0000 - 0x00007ffd2e000000 	D:\JavaJdk\jdk-25LTS\bin\instrument.dll
0x00007ffd2dfd0000 - 0x00007ffd2dfef000 	D:\JavaJdk\jdk-25LTS\bin\java.dll
0x00007ffd9b9c0000 - 0x00007ffd9bb58000 	C:\WINDOWS\System32\ole32.dll
0x00007ffd9a690000 - 0x00007ffd9addc000 	C:\WINDOWS\System32\SHELL32.dll
0x0000020612180000 - 0x00000206122eb000 	C:\WINDOWS\System32\wintypes.dll
0x00007ffd2dfb0000 - 0x00007ffd2dfc7000 	D:\JavaJdk\jdk-25LTS\bin\zip.dll
0x00007ffd97690000 - 0x00007ffd97eed000 	C:\WINDOWS\SYSTEM32\windows.storage.dll
0x00007ffd9bb60000 - 0x00007ffd9bc52000 	C:\WINDOWS\System32\SHCORE.dll
0x00007ffd9c330000 - 0x00007ffd9c392000 	C:\WINDOWS\System32\shlwapi.dll
0x00007ffd99970000 - 0x00007ffd99999000 	C:\WINDOWS\SYSTEM32\profapi.dll
0x00007ffd2dd10000 - 0x00007ffd2dd22000 	D:\JavaJdk\jdk-25LTS\bin\net.dll
0x00007ffd98d90000 - 0x00007ffd98dfb000 	C:\WINDOWS\system32\mswsock.dll
0x00007ffd2df90000 - 0x00007ffd2dfa6000 	D:\JavaJdk\jdk-25LTS\bin\nio.dll
0x00007ffd2df80000 - 0x00007ffd2df90000 	D:\JavaJdk\jdk-25LTS\bin\verify.dll
0x00007ffd2df30000 - 0x00007ffd2df74000 	C:\Users\sujit\AppData\Roaming\Code - Insiders\User\globalStorage\redhat.java\1.47.2025102508\config_win\org.eclipse.equinox.launcher\org.eclipse.equinox.launcher.win32.win32.x86_64_1.2.1400.v20250801-0854\eclipse_11916.dll
0x00007ffd99050000 - 0x00007ffd9906b000 	C:\WINDOWS\SYSTEM32\CRYPTSP.dll
0x00007ffd98780000 - 0x00007ffd987bb000 	C:\WINDOWS\system32\rsaenh.dll
0x00007ffd98e30000 - 0x00007ffd98e5b000 	C:\WINDOWS\SYSTEM32\USERENV.dll
0x00007ffd99940000 - 0x00007ffd99966000 	C:\WINDOWS\SYSTEM32\bcrypt.dll
0x00007ffd99040000 - 0x00007ffd9904c000 	C:\WINDOWS\SYSTEM32\CRYPTBASE.dll
0x00007ffd98360000 - 0x00007ffd98394000 	C:\WINDOWS\SYSTEM32\IPHLPAPI.DLL
0x00007ffd9b510000 - 0x00007ffd9b51a000 	C:\WINDOWS\System32\NSI.dll
0x00007ffd2dee0000 - 0x00007ffd2df29000 	C:\Users\sujit\AppData\Local\Temp\jna-109795699\jna9830351285002520212.dll
0x00007ffd9c630000 - 0x00007ffd9c638000 	C:\WINDOWS\System32\PSAPI.DLL
0x00007ffd8ee90000 - 0x00007ffd8efaf000 	C:\WINDOWS\SYSTEM32\winhttp.dll
0x00007ffd925c0000 - 0x00007ffd925de000 	C:\WINDOWS\SYSTEM32\dhcpcsvc6.DLL
0x00007ffd92550000 - 0x00007ffd92573000 	C:\WINDOWS\SYSTEM32\dhcpcsvc.DLL
0x00007ffd8e970000 - 0x00007ffd8e97e000 	D:\JavaJdk\jdk-25LTS\bin\sunmscapi.dll
0x00007ffd9a460000 - 0x00007ffd9a5d7000 	C:\WINDOWS\System32\CRYPT32.dll
0x00007ffd992d0000 - 0x00007ffd99300000 	C:\WINDOWS\SYSTEM32\ncrypt.dll
0x00007ffd99280000 - 0x00007ffd992bf000 	C:\WINDOWS\SYSTEM32\NTASN1.dll
0x00007ffd983a0000 - 0x00007ffd984c6000 	C:\WINDOWS\SYSTEM32\DNSAPI.dll
0x00007ffd8e7d0000 - 0x00007ffd8e7db000 	C:\Windows\System32\rasadhlp.dll
0x00007ffd92bd0000 - 0x00007ffd92c56000 	C:\WINDOWS\System32\fwpuclnt.dll
0x00007ffd865c0000 - 0x00007ffd865c9000 	D:\JavaJdk\jdk-25LTS\bin\extnet.dll
0x00007ffd98940000 - 0x00007ffd98976000 	C:\WINDOWS\SYSTEM32\ntmarta.dll

JVMTI agents:
c:\Users\sujit\.vscode-insiders\extensions\redhat.java-1.47.2025102508-win32-x64\lombok\lombok-1.18.39-4050.jar path:D:\JavaJdk\jdk-25LTS\bin\instrument.dll, loaded, initialized, instrumentlib options:none

dbghelp: loaded successfully - version: 4.0.5 - missing functions: none
symbol engine: initialized successfully - sym options: 0x614 - pdb path: .;D:\JavaJdk\jdk-25LTS\bin;C:\WINDOWS\SYSTEM32;C:\WINDOWS\WinSxS\amd64_microsoft.windows.common-controls_6595b64144ccf1df_6.0.26100.6725_none_3e085828e334708b;D:\UI\Windhawk\Engine\1.6.1\64;D:\JavaJdk\jdk-25LTS\bin\server;C:\Users\sujit\AppData\Roaming\Code - Insiders\User\globalStorage\redhat.java\1.47.2025102508\config_win\org.eclipse.equinox.launcher\org.eclipse.equinox.launcher.win32.win32.x86_64_1.2.1400.v20250801-0854;C:\Users\sujit\AppData\Local\Temp\jna-109795699

VM Arguments:
jvm_args: -Djdk.xml.maxGeneralEntitySizeLimit=0 -Djdk.xml.totalEntitySizeLimit=0 --add-modules=ALL-SYSTEM --add-opens=java.base/java.util=ALL-UNNAMED --add-opens=java.base/java.lang=ALL-UNNAMED --add-opens=java.base/sun.nio.fs=ALL-UNNAMED -Declipse.application=org.eclipse.jdt.ls.core.id1 -Dosgi.bundles.defaultStartLevel=4 -Declipse.product=org.eclipse.jdt.ls.core.product -Djava.import.generatesMetadataFilesAtProjectRoot=false -DDetectVMInstallationsJob.disabled=true -Dfile.encoding=utf8 -XX:+UseParallelGC -XX:GCTimeRatio=4 -XX:AdaptiveSizePolicyWeight=90 -Dsun.zip.disableMemoryMapping=true -Xmx2G -Xms100m -Xlog:disable -javaagent:c:\Users\sujit\.vscode-insiders\extensions\redhat.java-1.47.2025102508-win32-x64\lombok\lombok-1.18.39-4050.jar -XX:+HeapDumpOnOutOfMemoryError -XX:HeapDumpPath=c:\Users\sujit\AppData\Roaming\Code - Insiders\User\workspaceStorage\24029b93e4c83ad963612c47dfed94d7\redhat.java -Daether.dependencyCollector.impl=bf -Djdt.core.sharedIndexLocation=C:\Users\sujit\AppData\Roaming\.jdt\index -XX:+UnlockDiagnosticVMOptions -XX:+AllowArchivingWithJavaAgent -XX:+AutoCreateSharedArchive -XX:SharedArchiveFile=c:\Users\sujit\AppData\Roaming\Code - Insiders\User\globalStorage\redhat.java\1.47.2025102508\jdtls.jsa 
java_command: c:\Users\sujit\.vscode-insiders\extensions\redhat.java-1.47.2025102508-win32-x64\server\plugins\org.eclipse.equinox.launcher_1.7.100.v20251014-1222.jar -configuration c:\Users\sujit\AppData\Roaming\Code - Insiders\User\globalStorage\redhat.java\1.47.2025102508\config_win -data c:\Users\sujit\AppData\Roaming\Code - Insiders\User\workspaceStorage\24029b93e4c83ad963612c47dfed94d7\redhat.java\jdt_ws --pipe=\\.\pipe\lsp-4d6054289fdc004bb2463733e9059e4c-sock
java_class_path (initial): c:\Users\sujit\.vscode-insiders\extensions\redhat.java-1.47.2025102508-win32-x64\server\plugins\org.eclipse.equinox.launcher_1.7.100.v20251014-1222.jar
Launcher Type: SUN_STANDARD

[Global flags]
     bool AOTInvokeDynamicLinking                  = false                                  {diagnostic} {ergonomic}
     bool AOTRecordTraining                        = false                                  {diagnostic} {ergonomic}
     bool AOTReplayTraining                        = false                                  {diagnostic} {ergonomic}
     uint AdaptiveSizePolicyWeight                 = 90                                        {product} {command line}
     bool AllowArchivingWithJavaAgent              = true                                   {diagnostic} {command line}
    ccstr ArchiveClassesAtExit                     = c:\Users\sujit\AppData\Roaming\Code - Insiders\User\globalStorage\redhat.java\1.47.2025102508\jdtls.jsa            {product} {ergonomic}
     bool AutoCreateSharedArchive                  = true                                      {product} {command line}
     intx CICompilerCount                          = 4                                         {product} {ergonomic}
     uint GCTimeRatio                              = 4                                         {product} {command line}
     bool HeapDumpOnOutOfMemoryError               = true                                   {manageable} {command line}
    ccstr HeapDumpPath                             = c:\Users\sujit\AppData\Roaming\Code - Insiders\User\workspaceStorage\24029b93e4c83ad963612c47dfed94d7\redhat.java         {manageable} {command line}
   size_t InitialHeapSize                          = 104857600                                 {product} {command line}
   size_t MaxHeapSize                              = 2147483648                                {product} {command line}
   size_t MaxNewSize                               = 715653120                                 {product} {ergonomic}
   size_t MinHeapDeltaBytes                        = 524288                                    {product} {ergonomic}
   size_t MinHeapSize                              = 104857600                                 {product} {command line}
   size_t NewSize                                  = 34603008                                  {product} {ergonomic}
    uintx NonNMethodCodeHeapSize                   = 5832704                                {pd product} {ergonomic}
    uintx NonProfiledCodeHeapSize                  = 122945536                              {pd product} {ergonomic}
    uintx ProfiledCodeHeapSize                     = 122880000                              {pd product} {ergonomic}
    uintx ReservedCodeCacheSize                    = 251658240                              {pd product} {ergonomic}
     bool SegmentedCodeCache                       = true                                      {product} {ergonomic}
    ccstr SharedArchiveFile                        =                                           {product} {command line, ergonomic}
   size_t SoftMaxHeapSize                          = 2147483648                             {manageable} {ergonomic}
     bool UnlockDiagnosticVMOptions                = true                                   {diagnostic} {command line}
     bool UseCompressedOops                        = true                           {product lp64_product} {ergonomic}
     bool UseLargePagesIndividualAllocation        = false                                  {pd product} {ergonomic}
     bool UseParallelGC                            = true                                      {product} {command line}
      int X86ICacheSync                            = 3                                 {ARCH diagnostic} {ergonomic}

Logging:
Log output configuration:
 #0: stdout all=off uptime,level,tags foldmultilines=false
 #1: stderr all=off uptime,level,tags foldmultilines=false

Release file:
IMPLEMENTOR="Oracle Corporation" 
JAVA_RUNTIME_VERSION="25+37-LTS-3491" 
JAVA_VERSION="25" 
JAVA_VERSION_DATE="2025-09-16" 
LIBC="default" 
MODULES="java.base java.compiler java.datatransfer java.xml java.prefs java.desktop java.instrument java.logging java.management java.security.sasl java.naming java.rmi java.management.rmi java.net.http java.scripting java.security.jgss java.transaction.xa java.sql java.sql.rowset java.xml.crypto java.se java.smartcardio jdk.accessibility jdk.internal.jvmstat jdk.attach jdk.charsets jdk.internal.opt jdk.zipfs jdk.compiler jdk.crypto.cryptoki jdk.crypto.ec jdk.crypto.mscapi jdk.dynalink jdk.internal.ed jdk.editpad jdk.internal.vm.ci jdk.graal.compiler jdk.graal.compiler.management jdk.hotspot.agent jdk.httpserver jdk.incubator.vector jdk.internal.le jdk.internal.md jdk.jartool jdk.javadoc jdk.jcmd jdk.management jdk.management.agent jdk.jconsole jdk.jdeps jdk.jdwp.agent jdk.jdi jdk.jfr jdk.jlink jdk.jpackage jdk.jshell jdk.jsobject jdk.jstatd jdk.localedata jdk.management.jfr jdk.naming.dns jdk.naming.rmi jdk.net jdk.nio.mapmode jdk.sctp jdk.security.auth jdk.security.jgss jdk.unsupported jdk.unsupported.desktop jdk.xml.dom" 
OS_ARCH="x86_64" 
OS_NAME="Windows" 
SOURCE=".:git:49d6a23b8806 open:git:6c48f4ed707b" 

Environment Variables:
PATH=C:\Program Files\Common Files\Oracle\Java\javapath;C:\WINDOWS\system32;C:\WINDOWS;C:\WINDOWS\System32\Wbem;C:\WINDOWS\System32\WindowsPowerShell\v1.0\;C:\WINDOWS\System32\OpenSSH\;D:\NodeJs\;D:\IDES\Git\cmd;C:\Program Files\dotnet\;C:\Program Files\Common Files\Oracle\Java\javapath;C:\WINDOWS\system32;C:\WINDOWS;C:\WINDOWS\System32\Wbem;C:\WINDOWS\System32\WindowsPowerShell\v1.0\;C:\WINDOWS\System32\OpenSSH\;D:\NodeJs\;C:\Program Files\Docker\Docker\resources\bin;D:\IDES\Git\cmd;C:\Program Files\dotnet\;C:\Users\sujit\AppData\Local\Programs\Python\Launcher\;D:\mySQLShell\bin\;C:\Users\sujit\AppData\Local\Microsoft\WindowsApps;D:\IDES\Microsoft VS Code\bin;D:\IDES\IntelliJ IDEA Community Edition 2025.1.4.1\bin;D:\IDES\Git;C:\Users\sujit\AppData\Roaming\npm;D:\IDES\Git;D:\JavaJdk\bin;C:\Program Files\MySQL\MySQL Server 9.4\bin;C:\Program Files\MongoDB\Server\8.2\bin;C:\Users\sujit\AppData\Local\Programs\Microsoft VS Code Insiders\bin;D:\MongoShell\;C:\Program Files\Windows Defender
USERNAME=sujit
OS=Windows_NT
PROCESSOR_IDENTIFIER=AMD64 Family 25 Model 80 Stepping 0, AuthenticAMD
TMP=C:\Users\sujit\AppData\Local\Temp
TEMP=C:\Users\sujit\AppData\Local\Temp




Compilation memory statistics disabled.

Periodic native trim disabled

---------------  S Y S T E M  ---------------

OS:
 Windows 11 , 64 bit Build 26100 (10.0.26100.6725)
OS uptime: 0 days 1:11 hours
Hyper-V role detected

CPU: total 12 (initial active 12) (12 cores per cpu, 2 threads per core) family 25 model 80 stepping 0 microcode 0xa500014, cx8, cmov, fxsr, ht, mmx, 3dnowpref, sse, sse2, sse3, ssse3, sse4a, sse4.1, sse4.2, popcnt, lzcnt, tsc, tscinvbit, avx, avx2, aes, erms, clmul, bmi1, bmi2, adx, sha, fma, vzeroupper, clflush, clflushopt, clwb, hv, rdtscp, rdpid, fsrm, f16c, cet_ss
Processor Information for processor 0
  Max Mhz: 2301, Current Mhz: 2301, Mhz Limit: 2301
Processor Information for processor 1
  Max Mhz: 2301, Current Mhz: 2010, Mhz Limit: 2301
Processor Information for processor 2
  Max Mhz: 2301, Current Mhz: 2010, Mhz Limit: 2301
Processor Information for processor 3
  Max Mhz: 2301, Current Mhz: 2010, Mhz Limit: 2301
Processor Information for processor 4
  Max Mhz: 2301, Current Mhz: 2010, Mhz Limit: 2301
Processor Information for processor 5
  Max Mhz: 2301, Current Mhz: 2010, Mhz Limit: 2301
Processor Information for processor 6
  Max Mhz: 2301, Current Mhz: 2301, Mhz Limit: 2301
Processor Information for processor 7
  Max Mhz: 2301, Current Mhz: 2010, Mhz Limit: 2301
Processor Information for processor 8
  Max Mhz: 2301, Current Mhz: 2010, Mhz Limit: 2301
Processor Information for processor 9
  Max Mhz: 2301, Current Mhz: 2010, Mhz Limit: 2301
Processor Information for processor 10
  Max Mhz: 2301, Current Mhz: 2010, Mhz Limit: 2301
Processor Information for processor 11
  Max Mhz: 2301, Current Mhz: 2301, Mhz Limit: 2301

Memory: 4k page, system-wide physical 15712M (8065M free)
TotalPageFile size 31584M (AvailPageFile size 22522M)
current process WorkingSet (physical memory assigned to process): 980M, peak: 980M
current process commit charge ("private bytes"): 1041M, peak: 1041M

vm_info: Java HotSpot(TM) 64-Bit Server VM (25+37-LTS-3491) for windows-amd64 JRE (25+37-LTS-3491), built on 2025-08-14T21:13:00Z with unknown MS VC++:1943

END.
